<?xml version="1.0" encoding="UTF-8"?>
<!-- Generated by org.testng.reporters.JUnitXMLReporter -->
<testsuite hostname="LAPTOP-JVNL5G83" ignored="11" name="Default test" tests="1" failures="0" timestamp="25 Jun 2020 06:30:12 GMT" time="18.708" errors="0">
  <testcase name="bannerMovementDetectionTest" time="9.026" classname="com.qa.walmart.Tests.LoginPageTest"/>
  <testcase name="clickOnRightBannerArrow" time="0.0" classname="com.qa.walmart.Tests.LoginPageTest">
    <ignored/>
  </testcase> <!-- clickOnRightBannerArrow -->
  <testcase name="clickbannerWalmartMarketPlaceTest" time="0.0" classname="com.qa.walmart.Tests.LoginPageTest">
    <ignored/>
  </testcase> <!-- clickbannerWalmartMarketPlaceTest -->
  <testcase name="checkLogoPresence" time="0.0" classname="com.qa.walmart.Tests.LoginPageTest">
    <ignored/>
  </testcase> <!-- checkLogoPresence -->
  <testcase name="clickHottestDealsTest" time="0.0" classname="com.qa.walmart.Tests.LoginPageTest">
    <ignored/>
  </testcase> <!-- clickHottestDealsTest -->
  <testcase name="checkCovidInformationTest" time="0.0" classname="com.qa.walmart.Tests.LoginPageTest">
    <ignored/>
  </testcase> <!-- checkCovidInformationTest -->
  <testcase name="clickOnInstagramSocialLinkTest" time="0.0" classname="com.qa.walmart.Tests.LoginPageTest">
    <ignored/>
  </testcase> <!-- clickOnInstagramSocialLinkTest -->
  <testcase name="clickLeftBottomBannerTest" time="0.0" classname="com.qa.walmart.Tests.LoginPageTest">
    <ignored/>
  </testcase> <!-- clickLeftBottomBannerTest -->
  <testcase name="clickVideoGameTest" time="0.0" classname="com.qa.walmart.Tests.LoginPageTest">
    <ignored/>
  </testcase> <!-- clickVideoGameTest -->
  <testcase name="checkAboutUsWalmartTest" time="0.0" classname="com.qa.walmart.Tests.LoginPageTest">
    <ignored/>
  </testcase> <!-- checkAboutUsWalmartTest -->
  <testcase name="SignInTest" time="0.0" classname="com.qa.walmart.Tests.LoginPageTest">
    <ignored/>
  </testcase> <!-- SignInTest -->
  <testcase name="checkSearchFunctionality" time="0.0" classname="com.qa.walmart.Tests.LoginPageTest">
    <ignored/>
  </testcase> <!-- checkSearchFunctionality -->
</testsuite> <!-- Default test -->
