<?xml version="1.0" encoding="UTF-8"?>
<!-- Generated by org.testng.reporters.JUnitXMLReporter -->
<testsuite hostname="LAPTOP-JVNL5G83" ignored="3" name="Default test" tests="1" failures="0" timestamp="17 Jun 2020 11:03:15 GMT" time="31.791" errors="0">
  <testcase name="verifyfaceBookLogoColorTest" time="9.547" classname="com.qa.walmart.Tests.ShopGroceriesTest"/>
  <testcase name="verifyPageTitleTest" time="0.0" classname="com.qa.walmart.Tests.ShopGroceriesTest">
    <ignored/>
  </testcase> <!-- verifyPageTitleTest -->
  <testcase name="locationTest" time="0.0" classname="com.qa.walmart.Tests.ShopGroceriesTest">
    <ignored/>
  </testcase> <!-- locationTest -->
  <testcase name="verifyFuntionalityOfAddingItemsToCartTest" time="0.0" classname="com.qa.walmart.Tests.ShopGroceriesTest">
    <ignored/>
  </testcase> <!-- verifyFuntionalityOfAddingItemsToCartTest -->
</testsuite> <!-- Default test -->
