<?xml version="1.0" encoding="UTF-8"?>
<!-- Generated by org.testng.reporters.JUnitXMLReporter -->
<testsuite hostname="LAPTOP-JVNL5G83" ignored="1" name="Test" tests="5" failures="1" timestamp="17 Jun 2020 10:36:35 GMT" time="136.52" errors="0">
  <testcase name="verifyPageTitleTest" time="7.482" classname="com.qa.walmart.Tests.ShopGroceriesTest"/>
  <testcase name="clickUrbanPlanetLinkTest" time="0.007" classname="com.qa.walmart.Tests.ClothingTest">
    <failure type="java.lang.StackOverflowError">
      <![CDATA[java.lang.StackOverflowError
	at com.qa.walmart.Tests.ClothingTest.clickUrbanPlanetLinkTest(ClothingTest.java:46)
	at com.qa.walmart.Tests.ClothingTest.clickUrbanPlanetLinkTest(ClothingTest.java:46)
	at com.qa.walmart.Tests.ClothingTest.clickUrbanPlanetLinkTest(ClothingTest.java:46)
	at com.qa.walmart.Tests.ClothingTest.clickUrbanPlanetLinkTest(ClothingTest.java:46)
	at com.qa.walmart.Tests.ClothingTest.clickUrbanPlanetLinkTest(ClothingTest.java:46)
	at com.qa.walmart.Tests.ClothingTest.clickUrbanPlanetLinkTest(ClothingTest.java:46)
	at com.qa.walmart.Tests.ClothingTest.clickUrbanPlanetLinkTest(ClothingTest.java:46)
	at com.qa.walmart.Tests.ClothingTest.clickUrbanPlanetLinkTest(ClothingTest.java:46)
	at com.qa.walmart.Tests.ClothingTest.clickUrbanPlanetLinkTest(ClothingTest.java:46)
	at com.qa.walmart.Tests.ClothingTest.clickUrbanPlanetLinkTest(ClothingTest.java:46)
	at com.qa.walmart.Tests.ClothingTest.clickUrbanPlanetLinkTest(ClothingTest.java:46)
	at com.qa.walmart.Tests.ClothingTest.clickUrbanPlanetLinkTest(ClothingTest.java:46)
	at com.qa.walmart.Tests.ClothingTest.clickUrbanPlanetLinkTest(ClothingTest.java:46)
	at com.qa.walmart.Tests.ClothingTest.clickUrbanPlanetLinkTest(ClothingTest.java:46)
	at com.qa.walmart.Tests.ClothingTest.clickUrbanPlanetLinkTest(ClothingTest.java:46)
	at com.qa.walmart.Tests.ClothingTest.clickUrbanPlanetLinkTest(ClothingTest.java:46)
	at com.qa.walmart.Tests.ClothingTest.clickUrbanPlanetLinkTest(ClothingTest.java:46)
	at com.qa.walmart.Tests.ClothingTest.clickUrbanPlanetLinkTest(ClothingTest.java:46)
	at com.qa.walmart.Tests.ClothingTest.clickUrbanPlanetLinkTest(ClothingTest.java:46)
	at com.qa.walmart.Tests.ClothingTest.clickUrbanPlanetLinkTest(ClothingTest.java:46)
	at com.qa.walmart.Tests.ClothingTest.clickUrbanPlanetLinkTest(ClothingTest.java:46)
	at com.qa.walmart.Tests.ClothingTest.clickUrbanPlanetLinkTest(ClothingTest.java:46)
	at com.qa.walmart.Tests.ClothingTest.clickUrbanPlanetLinkTest(ClothingTest.java:46)
	at com.qa.walmart.Tests.ClothingTest.clickUrbanPlanetLinkTest(ClothingTest.java:46)
	at com.qa.walmart.Tests.ClothingTest.clickUrbanPlanetLinkTest(ClothingTest.java:46)
	at com.qa.walmart.Tests.ClothingTest.clickUrbanPlanetLinkTest(ClothingTest.java:46)
	at com.qa.walmart.Tests.ClothingTest.clickUrbanPlanetLinkTest(ClothingTest.java:46)
	at com.qa.walmart.Tests.ClothingTest.clickUrbanPlanetLinkTest(ClothingTest.java:46)
	at com.qa.walmart.Tests.ClothingTest.clickUrbanPlanetLinkTest(ClothingTest.java:46)
	at com.qa.walmart.Tests.ClothingTest.clickUrbanPlanetLinkTest(ClothingTest.java:46)
	at com.qa.walmart.Tests.ClothingTest.clickUrbanPlanetLinkTest(ClothingTest.java:46)
	at com.qa.walmart.Tests.ClothingTest.clickUrbanPlanetLinkTest(ClothingTest.java:46)
	at com.qa.walmart.Tests.ClothingTest.clickUrbanPlanetLinkTest(ClothingTest.java:46)
	at com.qa.walmart.Tests.ClothingTest.clickUrbanPlanetLinkTest(ClothingTest.java:46)
	at com.qa.walmart.Tests.ClothingTest.clickUrbanPlanetLinkTest(ClothingTest.java:46)
	at com.qa.walmart.Tests.ClothingTest.clickUrbanPlanetLinkTest(ClothingTest.java:46)
	at com.qa.walmart.Tests.ClothingTest.clickUrbanPlanetLinkTest(ClothingTest.java:46)
	at com.qa.walmart.Tests.ClothingTest.clickUrbanPlanetLinkTest(ClothingTest.java:46)
	at com.qa.walmart.Tests.ClothingTest.clickUrbanPlanetLinkTest(ClothingTest.java:46)
	at com.qa.walmart.Tests.ClothingTest.clickUrbanPlanetLinkTest(ClothingTest.java:46)
	at com.qa.walmart.Tests.ClothingTest.clickUrbanPlanetLinkTest(ClothingTest.java:46)
	at com.qa.walmart.Tests.ClothingTest.clickUrbanPlanetLinkTest(ClothingTest.java:46)
	at com.qa.walmart.Tests.ClothingTest.clickUrbanPlanetLinkTest(ClothingTest.java:46)
	at com.qa.walmart.Tests.ClothingTest.clickUrbanPlanetLinkTest(ClothingTest.java:46)
	at com.qa.walmart.Tests.ClothingTest.clickUrbanPlanetLinkTest(ClothingTest.java:46)
	at com.qa.walmart.Tests.ClothingTest.clickUrbanPlanetLinkTest(ClothingTest.java:46)
	at com.qa.walmart.Tests.ClothingTest.clickUrbanPlanetLinkTest(ClothingTest.java:46)
	at com.qa.walmart.Tests.ClothingTest.clickUrbanPlanetLinkTest(ClothingTest.java:46)
	at com.qa.walmart.Tests.ClothingTest.clickUrbanPlanetLinkTest(ClothingTest.java:46)
	at com.qa.walmart.Tests.ClothingTest.clickUrbanPlanetLinkTest(ClothingTest.java:46)
	at com.qa.walmart.Tests.ClothingTest.clickUrbanPlanetLinkTest(ClothingTest.java:46)
	at com.qa.walmart.Tests.ClothingTest.clickUrbanPlanetLinkTest(ClothingTest.java:46)
	at com.qa.walmart.Tests.ClothingTest.clickUrbanPlanetLinkTest(ClothingTest.java:46)
	at com.qa.walmart.Tests.ClothingTest.clickUrbanPlanetLinkTest(ClothingTest.java:46)
	at com.qa.walmart.Tests.ClothingTest.clickUrbanPlanetLinkTest(ClothingTest.java:46)
	at com.qa.walmart.Tests.ClothingTest.clickUrbanPlanetLinkTest(ClothingTest.java:46)
	at com.qa.walmart.Tests.ClothingTest.clickUrbanPlanetLinkTest(ClothingTest.java:46)
	at com.qa.walmart.Tests.ClothingTest.clickUrbanPlanetLinkTest(ClothingTest.java:46)
	at com.qa.walmart.Tests.ClothingTest.clickUrbanPlanetLinkTest(ClothingTest.java:46)
	at com.qa.walmart.Tests.ClothingTest.clickUrbanPlanetLinkTest(ClothingTest.java:46)
	at com.qa.walmart.Tests.ClothingTest.clickUrbanPlanetLinkTest(ClothingTest.java:46)
	at com.qa.walmart.Tests.ClothingTest.clickUrbanPlanetLinkTest(ClothingTest.java:46)
	at com.qa.walmart.Tests.ClothingTest.clickUrbanPlanetLinkTest(ClothingTest.java:46)
	at com.qa.walmart.Tests.ClothingTest.clickUrbanPlanetLinkTest(ClothingTest.java:46)
	at com.qa.walmart.Tests.ClothingTest.clickUrbanPlanetLinkTest(ClothingTest.java:46)
	at com.qa.walmart.Tests.ClothingTest.clickUrbanPlanetLinkTest(ClothingTest.java:46)
	at com.qa.walmart.Tests.ClothingTest.clickUrbanPlanetLinkTest(ClothingTest.java:46)
	at com.qa.walmart.Tests.ClothingTest.clickUrbanPlanetLinkTest(ClothingTest.java:46)
	at com.qa.walmart.Tests.ClothingTest.clickUrbanPlanetLinkTest(ClothingTest.java:46)
	at com.qa.walmart.Tests.ClothingTest.clickUrbanPlanetLinkTest(ClothingTest.java:46)
	at com.qa.walmart.Tests.ClothingTest.clickUrbanPlanetLinkTest(ClothingTest.java:46)
	at com.qa.walmart.Tests.ClothingTest.clickUrbanPlanetLinkTest(ClothingTest.java:46)
	at com.qa.walmart.Tests.ClothingTest.clickUrbanPlanetLinkTest(ClothingTest.java:46)
	at com.qa.walmart.Tests.ClothingTest.clickUrbanPlanetLinkTest(ClothingTest.java:46)
	at com.qa.walmart.Tests.ClothingTest.clickUrbanPlanetLinkTest(ClothingTest.java:46)
	at com.qa.walmart.Tests.ClothingTest.clickUrbanPlanetLinkTest(ClothingTest.java:46)
	at com.qa.walmart.Tests.ClothingTest.clickUrbanPlanetLinkTest(ClothingTest.java:46)
	at com.qa.walmart.Tests.ClothingTest.clickUrbanPlanetLinkTest(ClothingTest.java:46)
	at com.qa.walmart.Tests.ClothingTest.clickUrbanPlanetLinkTest(ClothingTest.java:46)
	at com.qa.walmart.Tests.ClothingTest.clickUrbanPlanetLinkTest(ClothingTest.java:46)
	at com.qa.walmart.Tests.ClothingTest.clickUrbanPlanetLinkTest(ClothingTest.java:46)
	at com.qa.walmart.Tests.ClothingTest.clickUrbanPlanetLinkTest(ClothingTest.java:46)
	at com.qa.walmart.Tests.ClothingTest.clickUrbanPlanetLinkTest(ClothingTest.java:46)
	at com.qa.walmart.Tests.ClothingTest.clickUrbanPlanetLinkTest(ClothingTest.java:46)
	at com.qa.walmart.Tests.ClothingTest.clickUrbanPlanetLinkTest(ClothingTest.java:46)
	at com.qa.walmart.Tests.ClothingTest.clickUrbanPlanetLinkTest(ClothingTest.java:46)
	at com.qa.walmart.Tests.ClothingTest.clickUrbanPlanetLinkTest(ClothingTest.java:46)
	at com.qa.walmart.Tests.ClothingTest.clickUrbanPlanetLinkTest(ClothingTest.java:46)
	at com.qa.walmart.Tests.ClothingTest.clickUrbanPlanetLinkTest(ClothingTest.java:46)
	at com.qa.walmart.Tests.ClothingTest.clickUrbanPlanetLinkTest(ClothingTest.java:46)
	at com.qa.walmart.Tests.ClothingTest.clickUrbanPlanetLinkTest(ClothingTest.java:46)
	at com.qa.walmart.Tests.ClothingTest.clickUrbanPlanetLinkTest(ClothingTest.java:46)
	at com.qa.walmart.Tests.ClothingTest.clickUrbanPlanetLinkTest(ClothingTest.java:46)
	at com.qa.walmart.Tests.ClothingTest.clickUrbanPlanetLinkTest(ClothingTest.java:46)
	at com.qa.walmart.Tests.ClothingTest.clickUrbanPlanetLinkTest(ClothingTest.java:46)
	at com.qa.walmart.Tests.ClothingTest.clickUrbanPlanetLinkTest(ClothingTest.java:46)
	at com.qa.walmart.Tests.ClothingTest.clickUrbanPlanetLinkTest(ClothingTest.java:46)
	at com.qa.walmart.Tests.ClothingTest.clickUrbanPlanetLinkTest(ClothingTest.java:46)
	at com.qa.walmart.Tests.ClothingTest.clickUrbanPlanetLinkTest(ClothingTest.java:46)
	at com.qa.walmart.Tests.ClothingTest.clickUrbanPlanetLinkTest(ClothingTest.java:46)
	at com.qa.walmart.Tests.ClothingTest.clickUrbanPlanetLinkTest(ClothingTest.java:46)
	at com.qa.walmart.Tests.ClothingTest.clickUrbanPlanetLinkTest(ClothingTest.java:46)
	at com.qa.walmart.Tests.ClothingTest.clickUrbanPlanetLinkTest(ClothingTest.java:46)
	at com.qa.walmart.Tests.ClothingTest.clickUrbanPlanetLinkTest(ClothingTest.java:46)
	at com.qa.walmart.Tests.ClothingTest.clickUrbanPlanetLinkTest(ClothingTest.java:46)
	at com.qa.walmart.Tests.ClothingTest.clickUrbanPlanetLinkTest(ClothingTest.java:46)
	at com.qa.walmart.Tests.ClothingTest.clickUrbanPlanetLinkTest(ClothingTest.java:46)
	at com.qa.walmart.Tests.ClothingTest.clickUrbanPlanetLinkTest(ClothingTest.java:46)
	at com.qa.walmart.Tests.ClothingTest.clickUrbanPlanetLinkTest(ClothingTest.java:46)
	at com.qa.walmart.Tests.ClothingTest.clickUrbanPlanetLinkTest(ClothingTest.java:46)
	at com.qa.walmart.Tests.ClothingTest.clickUrbanPlanetLinkTest(ClothingTest.java:46)
	at com.qa.walmart.Tests.ClothingTest.clickUrbanPlanetLinkTest(ClothingTest.java:46)
	at com.qa.walmart.Tests.ClothingTest.clickUrbanPlanetLinkTest(ClothingTest.java:46)
	at com.qa.walmart.Tests.ClothingTest.clickUrbanPlanetLinkTest(ClothingTest.java:46)
	at com.qa.walmart.Tests.ClothingTest.clickUrbanPlanetLinkTest(ClothingTest.java:46)
	at com.qa.walmart.Tests.ClothingTest.clickUrbanPlanetLinkTest(ClothingTest.java:46)
	at com.qa.walmart.Tests.ClothingTest.clickUrbanPlanetLinkTest(ClothingTest.java:46)
	at com.qa.walmart.Tests.ClothingTest.clickUrbanPlanetLinkTest(ClothingTest.java:46)
	at com.qa.walmart.Tests.ClothingTest.clickUrbanPlanetLinkTest(ClothingTest.java:46)
	at com.qa.walmart.Tests.ClothingTest.clickUrbanPlanetLinkTest(ClothingTest.java:46)
	at com.qa.walmart.Tests.ClothingTest.clickUrbanPlanetLinkTest(ClothingTest.java:46)
	at com.qa.walmart.Tests.ClothingTest.clickUrbanPlanetLinkTest(ClothingTest.java:46)
	at com.qa.walmart.Tests.ClothingTest.clickUrbanPlanetLinkTest(ClothingTest.java:46)
	at com.qa.walmart.Tests.ClothingTest.clickUrbanPlanetLinkTest(ClothingTest.java:46)
	at com.qa.walmart.Tests.ClothingTest.clickUrbanPlanetLinkTest(ClothingTest.java:46)
	at com.qa.walmart.Tests.ClothingTest.clickUrbanPlanetLinkTest(ClothingTest.java:46)
	at com.qa.walmart.Tests.ClothingTest.clickUrbanPlanetLinkTest(ClothingTest.java:46)
	at com.qa.walmart.Tests.ClothingTest.clickUrbanPlanetLinkTest(ClothingTest.java:46)
	at com.qa.walmart.Tests.ClothingTest.clickUrbanPlanetLinkTest(ClothingTest.java:46)
	at com.qa.walmart.Tests.ClothingTest.clickUrbanPlanetLinkTest(ClothingTest.java:46)
	at com.qa.walmart.Tests.ClothingTest.clickUrbanPlanetLinkTest(ClothingTest.java:46)
	at com.qa.walmart.Tests.ClothingTest.clickUrbanPlanetLinkTest(ClothingTest.java:46)
	at com.qa.walmart.Tests.ClothingTest.clickUrbanPlanetLinkTest(ClothingTest.java:46)
	at com.qa.walmart.Tests.ClothingTest.clickUrbanPlanetLinkTest(ClothingTest.java:46)
	at com.qa.walmart.Tests.ClothingTest.clickUrbanPlanetLinkTest(ClothingTest.java:46)
	at com.qa.walmart.Tests.ClothingTest.clickUrbanPlanetLinkTest(ClothingTest.java:46)
	at com.qa.walmart.Tests.ClothingTest.clickUrbanPlanetLinkTest(ClothingTest.java:46)
	at com.qa.walmart.Tests.ClothingTest.clickUrbanPlanetLinkTest(ClothingTest.java:46)
	at com.qa.walmart.Tests.ClothingTest.clickUrbanPlanetLinkTest(ClothingTest.java:46)
	at com.qa.walmart.Tests.ClothingTest.clickUrbanPlanetLinkTest(ClothingTest.java:46)
	at com.qa.walmart.Tests.ClothingTest.clickUrbanPlanetLinkTest(ClothingTest.java:46)
	at com.qa.walmart.Tests.ClothingTest.clickUrbanPlanetLinkTest(ClothingTest.java:46)
	at com.qa.walmart.Tests.ClothingTest.clickUrbanPlanetLinkTest(ClothingTest.java:46)
	at com.qa.walmart.Tests.ClothingTest.clickUrbanPlanetLinkTest(ClothingTest.java:46)
	at com.qa.walmart.Tests.ClothingTest.clickUrbanPlanetLinkTest(ClothingTest.java:46)
	at com.qa.walmart.Tests.ClothingTest.clickUrbanPlanetLinkTest(ClothingTest.java:46)
	at com.qa.walmart.Tests.ClothingTest.clickUrbanPlanetLinkTest(ClothingTest.java:46)
	at com.qa.walmart.Tests.ClothingTest.clickUrbanPlanetLinkTest(ClothingTest.java:46)
	at com.qa.walmart.Tests.ClothingTest.clickUrbanPlanetLinkTest(ClothingTest.java:46)
	at com.qa.walmart.Tests.ClothingTest.clickUrbanPlanetLinkTest(ClothingTest.java:46)
	at com.qa.walmart.Tests.ClothingTest.clickUrbanPlanetLinkTest(ClothingTest.java:46)
	at com.qa.walmart.Tests.ClothingTest.clickUrbanPlanetLinkTest(ClothingTest.java:46)
	at com.qa.walmart.Tests.ClothingTest.clickUrbanPlanetLinkTest(ClothingTest.java:46)
	at com.qa.walmart.Tests.ClothingTest.clickUrbanPlanetLinkTest(ClothingTest.java:46)
	at com.qa.walmart.Tests.ClothingTest.clickUrbanPlanetLinkTest(ClothingTest.java:46)
	at com.qa.walmart.Tests.ClothingTest.clickUrbanPlanetLinkTest(ClothingTest.java:46)
	at com.qa.walmart.Tests.ClothingTest.clickUrbanPlanetLinkTest(ClothingTest.java:46)
	at com.qa.walmart.Tests.ClothingTest.clickUrbanPlanetLinkTest(ClothingTest.java:46)
	at com.qa.walmart.Tests.ClothingTest.clickUrbanPlanetLinkTest(ClothingTest.java:46)
	at com.qa.walmart.Tests.ClothingTest.clickUrbanPlanetLinkTest(ClothingTest.java:46)
	at com.qa.walmart.Tests.ClothingTest.clickUrbanPlanetLinkTest(ClothingTest.java:46)
	at com.qa.walmart.Tests.ClothingTest.clickUrbanPlanetLinkTest(ClothingTest.java:46)
	at com.qa.walmart.Tests.ClothingTest.clickUrbanPlanetLinkTest(ClothingTest.java:46)
	at com.qa.walmart.Tests.ClothingTest.clickUrbanPlanetLinkTest(ClothingTest.java:46)
	at com.qa.walmart.Tests.ClothingTest.clickUrbanPlanetLinkTest(ClothingTest.java:46)
	at com.qa.walmart.Tests.ClothingTest.clickUrbanPlanetLinkTest(ClothingTest.java:46)
	at com.qa.walmart.Tests.ClothingTest.clickUrbanPlanetLinkTest(ClothingTest.java:46)
	at com.qa.walmart.Tests.ClothingTest.clickUrbanPlanetLinkTest(ClothingTest.java:46)
	at com.qa.walmart.Tests.ClothingTest.clickUrbanPlanetLinkTest(ClothingTest.java:46)
	at com.qa.walmart.Tests.ClothingTest.clickUrbanPlanetLinkTest(ClothingTest.java:46)
	at com.qa.walmart.Tests.ClothingTest.clickUrbanPlanetLinkTest(ClothingTest.java:46)
	at com.qa.walmart.Tests.ClothingTest.clickUrbanPlanetLinkTest(ClothingTest.java:46)
	at com.qa.walmart.Tests.ClothingTest.clickUrbanPlanetLinkTest(ClothingTest.java:46)
	at com.qa.walmart.Tests.ClothingTest.clickUrbanPlanetLinkTest(ClothingTest.java:46)
	at com.qa.walmart.Tests.ClothingTest.clickUrbanPlanetLinkTest(ClothingTest.java:46)
	at com.qa.walmart.Tests.ClothingTest.clickUrbanPlanetLinkTest(ClothingTest.java:46)
	at com.qa.walmart.Tests.ClothingTest.clickUrbanPlanetLinkTest(ClothingTest.java:46)
	at com.qa.walmart.Tests.ClothingTest.clickUrbanPlanetLinkTest(ClothingTest.java:46)
	at com.qa.walmart.Tests.ClothingTest.clickUrbanPlanetLinkTest(ClothingTest.java:46)
	at com.qa.walmart.Tests.ClothingTest.clickUrbanPlanetLinkTest(ClothingTest.java:46)
	at com.qa.walmart.Tests.ClothingTest.clickUrbanPlanetLinkTest(ClothingTest.java:46)
	at com.qa.walmart.Tests.ClothingTest.clickUrbanPlanetLinkTest(ClothingTest.java:46)
	at com.qa.walmart.Tests.ClothingTest.clickUrbanPlanetLinkTest(ClothingTest.java:46)
	at com.qa.walmart.Tests.ClothingTest.clickUrbanPlanetLinkTest(ClothingTest.java:46)
	at com.qa.walmart.Tests.ClothingTest.clickUrbanPlanetLinkTest(ClothingTest.java:46)
	at com.qa.walmart.Tests.ClothingTest.clickUrbanPlanetLinkTest(ClothingTest.java:46)
	at com.qa.walmart.Tests.ClothingTest.clickUrbanPlanetLinkTest(ClothingTest.java:46)
	at com.qa.walmart.Tests.ClothingTest.clickUrbanPlanetLinkTest(ClothingTest.java:46)
	at com.qa.walmart.Tests.ClothingTest.clickUrbanPlanetLinkTest(ClothingTest.java:46)
	at com.qa.walmart.Tests.ClothingTest.clickUrbanPlanetLinkTest(ClothingTest.java:46)
	at com.qa.walmart.Tests.ClothingTest.clickUrbanPlanetLinkTest(ClothingTest.java:46)
	at com.qa.walmart.Tests.ClothingTest.clickUrbanPlanetLinkTest(ClothingTest.java:46)
	at com.qa.walmart.Tests.ClothingTest.clickUrbanPlanetLinkTest(ClothingTest.java:46)
	at com.qa.walmart.Tests.ClothingTest.clickUrbanPlanetLinkTest(ClothingTest.java:46)
	at com.qa.walmart.Tests.ClothingTest.clickUrbanPlanetLinkTest(ClothingTest.java:46)
	at com.qa.walmart.Tests.ClothingTest.clickUrbanPlanetLinkTest(ClothingTest.java:46)
	at com.qa.walmart.Tests.ClothingTest.clickUrbanPlanetLinkTest(ClothingTest.java:46)
	at com.qa.walmart.Tests.ClothingTest.clickUrbanPlanetLinkTest(ClothingTest.java:46)
	at com.qa.walmart.Tests.ClothingTest.clickUrbanPlanetLinkTest(ClothingTest.java:46)
	at com.qa.walmart.Tests.ClothingTest.clickUrbanPlanetLinkTest(ClothingTest.java:46)
	at com.qa.walmart.Tests.ClothingTest.clickUrbanPlanetLinkTest(ClothingTest.java:46)
	at com.qa.walmart.Tests.ClothingTest.clickUrbanPlanetLinkTest(ClothingTest.java:46)
	at com.qa.walmart.Tests.ClothingTest.clickUrbanPlanetLinkTest(ClothingTest.java:46)
	at com.qa.walmart.Tests.ClothingTest.clickUrbanPlanetLinkTest(ClothingTest.java:46)
	at com.qa.walmart.Tests.ClothingTest.clickUrbanPlanetLinkTest(ClothingTest.java:46)
	at com.qa.walmart.Tests.ClothingTest.clickUrbanPlanetLinkTest(ClothingTest.java:46)
	at com.qa.walmart.Tests.ClothingTest.clickUrbanPlanetLinkTest(ClothingTest.java:46)
	at com.qa.walmart.Tests.ClothingTest.clickUrbanPlanetLinkTest(ClothingTest.java:46)
	at com.qa.walmart.Tests.ClothingTest.clickUrbanPlanetLinkTest(ClothingTest.java:46)
	at com.qa.walmart.Tests.ClothingTest.clickUrbanPlanetLinkTest(ClothingTest.java:46)
	at com.qa.walmart.Tests.ClothingTest.clickUrbanPlanetLinkTest(ClothingTest.java:46)
	at com.qa.walmart.Tests.ClothingTest.clickUrbanPlanetLinkTest(ClothingTest.java:46)
	at com.qa.walmart.Tests.ClothingTest.clickUrbanPlanetLinkTest(ClothingTest.java:46)
	at com.qa.walmart.Tests.ClothingTest.clickUrbanPlanetLinkTest(ClothingTest.java:46)
	at com.qa.walmart.Tests.ClothingTest.clickUrbanPlanetLinkTest(ClothingTest.java:46)
	at com.qa.walmart.Tests.ClothingTest.clickUrbanPlanetLinkTest(ClothingTest.java:46)
	at com.qa.walmart.Tests.ClothingTest.clickUrbanPlanetLinkTest(ClothingTest.java:46)
	at com.qa.walmart.Tests.ClothingTest.clickUrbanPlanetLinkTest(ClothingTest.java:46)
	at com.qa.walmart.Tests.ClothingTest.clickUrbanPlanetLinkTest(ClothingTest.java:46)
	at com.qa.walmart.Tests.ClothingTest.clickUrbanPlanetLinkTest(ClothingTest.java:46)
	at com.qa.walmart.Tests.ClothingTest.clickUrbanPlanetLinkTest(ClothingTest.java:46)
	at com.qa.walmart.Tests.ClothingTest.clickUrbanPlanetLinkTest(ClothingTest.java:46)
	at com.qa.walmart.Tests.ClothingTest.clickUrbanPlanetLinkTest(ClothingTest.java:46)
	at com.qa.walmart.Tests.ClothingTest.clickUrbanPlanetLinkTest(ClothingTest.java:46)
	at com.qa.walmart.Tests.ClothingTest.clickUrbanPlanetLinkTest(ClothingTest.java:46)
	at com.qa.walmart.Tests.ClothingTest.clickUrbanPlanetLinkTest(ClothingTest.java:46)
	at com.qa.walmart.Tests.ClothingTest.clickUrbanPlanetLinkTest(ClothingTest.java:46)
	at com.qa.walmart.Tests.ClothingTest.clickUrbanPlanetLinkTest(ClothingTest.java:46)
	at com.qa.walmart.Tests.ClothingTest.clickUrbanPlanetLinkTest(ClothingTest.java:46)
	at com.qa.walmart.Tests.ClothingTest.clickUrbanPlanetLinkTest(ClothingTest.java:46)
	at com.qa.walmart.Tests.ClothingTest.clickUrbanPlanetLinkTest(ClothingTest.java:46)
	at com.qa.walmart.Tests.ClothingTest.clickUrbanPlanetLinkTest(ClothingTest.java:46)
	at com.qa.walmart.Tests.ClothingTest.clickUrbanPlanetLinkTest(ClothingTest.java:46)
	at com.qa.walmart.Tests.ClothingTest.clickUrbanPlanetLinkTest(ClothingTest.java:46)
	at com.qa.walmart.Tests.ClothingTest.clickUrbanPlanetLinkTest(ClothingTest.java:46)
	at com.qa.walmart.Tests.ClothingTest.clickUrbanPlanetLinkTest(ClothingTest.java:46)
	at com.qa.walmart.Tests.ClothingTest.clickUrbanPlanetLinkTest(ClothingTest.java:46)
	at com.qa.walmart.Tests.ClothingTest.clickUrbanPlanetLinkTest(ClothingTest.java:46)
	at com.qa.walmart.Tests.ClothingTest.clickUrbanPlanetLinkTest(ClothingTest.java:46)
	at com.qa.walmart.Tests.ClothingTest.clickUrbanPlanetLinkTest(ClothingTest.java:46)
	at com.qa.walmart.Tests.ClothingTest.clickUrbanPlanetLinkTest(ClothingTest.java:46)
	at com.qa.walmart.Tests.ClothingTest.clickUrbanPlanetLinkTest(ClothingTest.java:46)
	at com.qa.walmart.Tests.ClothingTest.clickUrbanPlanetLinkTest(ClothingTest.java:46)
	at com.qa.walmart.Tests.ClothingTest.clickUrbanPlanetLinkTest(ClothingTest.java:46)
	at com.qa.walmart.Tests.ClothingTest.clickUrbanPlanetLinkTest(ClothingTest.java:46)
	at com.qa.walmart.Tests.ClothingTest.clickUrbanPlanetLinkTest(ClothingTest.java:46)
	at com.qa.walmart.Tests.ClothingTest.clickUrbanPlanetLinkTest(ClothingTest.java:46)
	at com.qa.walmart.Tests.ClothingTest.clickUrbanPlanetLinkTest(ClothingTest.java:46)
	at com.qa.walmart.Tests.ClothingTest.clickUrbanPlanetLinkTest(ClothingTest.java:46)
	at com.qa.walmart.Tests.ClothingTest.clickUrbanPlanetLinkTest(ClothingTest.java:46)
	at com.qa.walmart.Tests.ClothingTest.clickUrbanPlanetLinkTest(ClothingTest.java:46)
	at com.qa.walmart.Tests.ClothingTest.clickUrbanPlanetLinkTest(ClothingTest.java:46)
	at com.qa.walmart.Tests.ClothingTest.clickUrbanPlanetLinkTest(ClothingTest.java:46)
	at com.qa.walmart.Tests.ClothingTest.clickUrbanPlanetLinkTest(ClothingTest.java:46)
	at com.qa.walmart.Tests.ClothingTest.clickUrbanPlanetLinkTest(ClothingTest.java:46)
	at com.qa.walmart.Tests.ClothingTest.clickUrbanPlanetLinkTest(ClothingTest.java:46)
	at com.qa.walmart.Tests.ClothingTest.clickUrbanPlanetLinkTest(ClothingTest.java:46)
	at com.qa.walmart.Tests.ClothingTest.clickUrbanPlanetLinkTest(ClothingTest.java:46)
	at com.qa.walmart.Tests.ClothingTest.clickUrbanPlanetLinkTest(ClothingTest.java:46)
	at com.qa.walmart.Tests.ClothingTest.clickUrbanPlanetLinkTest(ClothingTest.java:46)
	at com.qa.walmart.Tests.ClothingTest.clickUrbanPlanetLinkTest(ClothingTest.java:46)
	at com.qa.walmart.Tests.ClothingTest.clickUrbanPlanetLinkTest(ClothingTest.java:46)
	at com.qa.walmart.Tests.ClothingTest.clickUrbanPlanetLinkTest(ClothingTest.java:46)
	at com.qa.walmart.Tests.ClothingTest.clickUrbanPlanetLinkTest(ClothingTest.java:46)
	at com.qa.walmart.Tests.ClothingTest.clickUrbanPlanetLinkTest(ClothingTest.java:46)
	at com.qa.walmart.Tests.ClothingTest.clickUrbanPlanetLinkTest(ClothingTest.java:46)
	at com.qa.walmart.Tests.ClothingTest.clickUrbanPlanetLinkTest(ClothingTest.java:46)
	at com.qa.walmart.Tests.ClothingTest.clickUrbanPlanetLinkTest(ClothingTest.java:46)
	at com.qa.walmart.Tests.ClothingTest.clickUrbanPlanetLinkTest(ClothingTest.java:46)
	at com.qa.walmart.Tests.ClothingTest.clickUrbanPlanetLinkTest(ClothingTest.java:46)
	at com.qa.walmart.Tests.ClothingTest.clickUrbanPlanetLinkTest(ClothingTest.java:46)
	at com.qa.walmart.Tests.ClothingTest.clickUrbanPlanetLinkTest(ClothingTest.java:46)
	at com.qa.walmart.Tests.ClothingTest.clickUrbanPlanetLinkTest(ClothingTest.java:46)
	at com.qa.walmart.Tests.ClothingTest.clickUrbanPlanetLinkTest(ClothingTest.java:46)
	at com.qa.walmart.Tests.ClothingTest.clickUrbanPlanetLinkTest(ClothingTest.java:46)
	at com.qa.walmart.Tests.ClothingTest.clickUrbanPlanetLinkTest(ClothingTest.java:46)
	at com.qa.walmart.Tests.ClothingTest.clickUrbanPlanetLinkTest(ClothingTest.java:46)
	at com.qa.walmart.Tests.ClothingTest.clickUrbanPlanetLinkTest(ClothingTest.java:46)
	at com.qa.walmart.Tests.ClothingTest.clickUrbanPlanetLinkTest(ClothingTest.java:46)
	at com.qa.walmart.Tests.ClothingTest.clickUrbanPlanetLinkTest(ClothingTest.java:46)
	at com.qa.walmart.Tests.ClothingTest.clickUrbanPlanetLinkTest(ClothingTest.java:46)
	at com.qa.walmart.Tests.ClothingTest.clickUrbanPlanetLinkTest(ClothingTest.java:46)
	at com.qa.walmart.Tests.ClothingTest.clickUrbanPlanetLinkTest(ClothingTest.java:46)
	at com.qa.walmart.Tests.ClothingTest.clickUrbanPlanetLinkTest(ClothingTest.java:46)
	at com.qa.walmart.Tests.ClothingTest.clickUrbanPlanetLinkTest(ClothingTest.java:46)
	at com.qa.walmart.Tests.ClothingTest.clickUrbanPlanetLinkTest(ClothingTest.java:46)
	at com.qa.walmart.Tests.ClothingTest.clickUrbanPlanetLinkTest(ClothingTest.java:46)
	at com.qa.walmart.Tests.ClothingTest.clickUrbanPlanetLinkTest(ClothingTest.java:46)
	at com.qa.walmart.Tests.ClothingTest.clickUrbanPlanetLinkTest(ClothingTest.java:46)
	at com.qa.walmart.Tests.ClothingTest.clickUrbanPlanetLinkTest(ClothingTest.java:46)
	at com.qa.walmart.Tests.ClothingTest.clickUrbanPlanetLinkTest(ClothingTest.java:46)
	at com.qa.walmart.Tests.ClothingTest.clickUrbanPlanetLinkTest(ClothingTest.java:46)
	at com.qa.walmart.Tests.ClothingTest.clickUrbanPlanetLinkTest(ClothingTest.java:46)
	at com.qa.walmart.Tests.ClothingTest.clickUrbanPlanetLinkTest(ClothingTest.java:46)
	at com.qa.walmart.Tests.ClothingTest.clickUrbanPlanetLinkTest(ClothingTest.java:46)
	at com.qa.walmart.Tests.ClothingTest.clickUrbanPlanetLinkTest(ClothingTest.java:46)
	at com.qa.walmart.Tests.ClothingTest.clickUrbanPlanetLinkTest(ClothingTest.java:46)
	at com.qa.walmart.Tests.ClothingTest.clickUrbanPlanetLinkTest(ClothingTest.java:46)
	at com.qa.walmart.Tests.ClothingTest.clickUrbanPlanetLinkTest(ClothingTest.java:46)
	at com.qa.walmart.Tests.ClothingTest.clickUrbanPlanetLinkTest(ClothingTest.java:46)
	at com.qa.walmart.Tests.ClothingTest.clickUrbanPlanetLinkTest(ClothingTest.java:46)
	at com.qa.walmart.Tests.ClothingTest.clickUrbanPlanetLinkTest(ClothingTest.java:46)
	at com.qa.walmart.Tests.ClothingTest.clickUrbanPlanetLinkTest(ClothingTest.java:46)
	at com.qa.walmart.Tests.ClothingTest.clickUrbanPlanetLinkTest(ClothingTest.java:46)
	at com.qa.walmart.Tests.ClothingTest.clickUrbanPlanetLinkTest(ClothingTest.java:46)
	at com.qa.walmart.Tests.ClothingTest.clickUrbanPlanetLinkTest(ClothingTest.java:46)
	at com.qa.walmart.Tests.ClothingTest.clickUrbanPlanetLinkTest(ClothingTest.java:46)
	at com.qa.walmart.Tests.ClothingTest.clickUrbanPlanetLinkTest(ClothingTest.java:46)
	at com.qa.walmart.Tests.ClothingTest.clickUrbanPlanetLinkTest(ClothingTest.java:46)
	at com.qa.walmart.Tests.ClothingTest.clickUrbanPlanetLinkTest(ClothingTest.java:46)
	at com.qa.walmart.Tests.ClothingTest.clickUrbanPlanetLinkTest(ClothingTest.java:46)
	at com.qa.walmart.Tests.ClothingTest.clickUrbanPlanetLinkTest(ClothingTest.java:46)
	at com.qa.walmart.Tests.ClothingTest.clickUrbanPlanetLinkTest(ClothingTest.java:46)
	at com.qa.walmart.Tests.ClothingTest.clickUrbanPlanetLinkTest(ClothingTest.java:46)
	at com.qa.walmart.Tests.ClothingTest.clickUrbanPlanetLinkTest(ClothingTest.java:46)
	at com.qa.walmart.Tests.ClothingTest.clickUrbanPlanetLinkTest(ClothingTest.java:46)
	at com.qa.walmart.Tests.ClothingTest.clickUrbanPlanetLinkTest(ClothingTest.java:46)
	at com.qa.walmart.Tests.ClothingTest.clickUrbanPlanetLinkTest(ClothingTest.java:46)
	at com.qa.walmart.Tests.ClothingTest.clickUrbanPlanetLinkTest(ClothingTest.java:46)
	at com.qa.walmart.Tests.ClothingTest.clickUrbanPlanetLinkTest(ClothingTest.java:46)
	at com.qa.walmart.Tests.ClothingTest.clickUrbanPlanetLinkTest(ClothingTest.java:46)
	at com.qa.walmart.Tests.ClothingTest.clickUrbanPlanetLinkTest(ClothingTest.java:46)
	at com.qa.walmart.Tests.ClothingTest.clickUrbanPlanetLinkTest(ClothingTest.java:46)
	at com.qa.walmart.Tests.ClothingTest.clickUrbanPlanetLinkTest(ClothingTest.java:46)
	at com.qa.walmart.Tests.ClothingTest.clickUrbanPlanetLinkTest(ClothingTest.java:46)
	at com.qa.walmart.Tests.ClothingTest.clickUrbanPlanetLinkTest(ClothingTest.java:46)
	at com.qa.walmart.Tests.ClothingTest.clickUrbanPlanetLinkTest(ClothingTest.java:46)
	at com.qa.walmart.Tests.ClothingTest.clickUrbanPlanetLinkTest(ClothingTest.java:46)
	at com.qa.walmart.Tests.ClothingTest.clickUrbanPlanetLinkTest(ClothingTest.java:46)
	at com.qa.walmart.Tests.ClothingTest.clickUrbanPlanetLinkTest(ClothingTest.java:46)
	at com.qa.walmart.Tests.ClothingTest.clickUrbanPlanetLinkTest(ClothingTest.java:46)
	at com.qa.walmart.Tests.ClothingTest.clickUrbanPlanetLinkTest(ClothingTest.java:46)
	at com.qa.walmart.Tests.ClothingTest.clickUrbanPlanetLinkTest(ClothingTest.java:46)
	at com.qa.walmart.Tests.ClothingTest.clickUrbanPlanetLinkTest(ClothingTest.java:46)
	at com.qa.walmart.Tests.ClothingTest.clickUrbanPlanetLinkTest(ClothingTest.java:46)
	at com.qa.walmart.Tests.ClothingTest.clickUrbanPlanetLinkTest(ClothingTest.java:46)
	at com.qa.walmart.Tests.ClothingTest.clickUrbanPlanetLinkTest(ClothingTest.java:46)
	at com.qa.walmart.Tests.ClothingTest.clickUrbanPlanetLinkTest(ClothingTest.java:46)
	at com.qa.walmart.Tests.ClothingTest.clickUrbanPlanetLinkTest(ClothingTest.java:46)
	at com.qa.walmart.Tests.ClothingTest.clickUrbanPlanetLinkTest(ClothingTest.java:46)
	at com.qa.walmart.Tests.ClothingTest.clickUrbanPlanetLinkTest(ClothingTest.java:46)
	at com.qa.walmart.Tests.ClothingTest.clickUrbanPlanetLinkTest(ClothingTest.java:46)
	at com.qa.walmart.Tests.ClothingTest.clickUrbanPlanetLinkTest(ClothingTest.java:46)
	at com.qa.walmart.Tests.ClothingTest.clickUrbanPlanetLinkTest(ClothingTest.java:46)
	at com.qa.walmart.Tests.ClothingTest.clickUrbanPlanetLinkTest(ClothingTest.java:46)
	at com.qa.walmart.Tests.ClothingTest.clickUrbanPlanetLinkTest(ClothingTest.java:46)
	at com.qa.walmart.Tests.ClothingTest.clickUrbanPlanetLinkTest(ClothingTest.java:46)
	at com.qa.walmart.Tests.ClothingTest.clickUrbanPlanetLinkTest(ClothingTest.java:46)
	at com.qa.walmart.Tests.ClothingTest.clickUrbanPlanetLinkTest(ClothingTest.java:46)
	at com.qa.walmart.Tests.ClothingTest.clickUrbanPlanetLinkTest(ClothingTest.java:46)
	at com.qa.walmart.Tests.ClothingTest.clickUrbanPlanetLinkTest(ClothingTest.java:46)
	at com.qa.walmart.Tests.ClothingTest.clickUrbanPlanetLinkTest(ClothingTest.java:46)
	at com.qa.walmart.Tests.ClothingTest.clickUrbanPlanetLinkTest(ClothingTest.java:46)
	at com.qa.walmart.Tests.ClothingTest.clickUrbanPlanetLinkTest(ClothingTest.java:46)
	at com.qa.walmart.Tests.ClothingTest.clickUrbanPlanetLinkTest(ClothingTest.java:46)
	at com.qa.walmart.Tests.ClothingTest.clickUrbanPlanetLinkTest(ClothingTest.java:46)
	at com.qa.walmart.Tests.ClothingTest.clickUrbanPlanetLinkTest(ClothingTest.java:46)
	at com.qa.walmart.Tests.ClothingTest.clickUrbanPlanetLinkTest(ClothingTest.java:46)
	at com.qa.walmart.Tests.ClothingTest.clickUrbanPlanetLinkTest(ClothingTest.java:46)
	at com.qa.walmart.Tests.ClothingTest.clickUrbanPlanetLinkTest(ClothingTest.java:46)
	at com.qa.walmart.Tests.ClothingTest.clickUrbanPlanetLinkTest(ClothingTest.java:46)
	at com.qa.walmart.Tests.ClothingTest.clickUrbanPlanetLinkTest(ClothingTest.java:46)
	at com.qa.walmart.Tests.ClothingTest.clickUrbanPlanetLinkTest(ClothingTest.java:46)
	at com.qa.walmart.Tests.ClothingTest.clickUrbanPlanetLinkTest(ClothingTest.java:46)
	at com.qa.walmart.Tests.ClothingTest.clickUrbanPlanetLinkTest(ClothingTest.java:46)
	at com.qa.walmart.Tests.ClothingTest.clickUrbanPlanetLinkTest(ClothingTest.java:46)
	at com.qa.walmart.Tests.ClothingTest.clickUrbanPlanetLinkTest(ClothingTest.java:46)
	at com.qa.walmart.Tests.ClothingTest.clickUrbanPlanetLinkTest(ClothingTest.java:46)
	at com.qa.walmart.Tests.ClothingTest.clickUrbanPlanetLinkTest(ClothingTest.java:46)
	at com.qa.walmart.Tests.ClothingTest.clickUrbanPlanetLinkTest(ClothingTest.java:46)
	at com.qa.walmart.Tests.ClothingTest.clickUrbanPlanetLinkTest(ClothingTest.java:46)
	at com.qa.walmart.Tests.ClothingTest.clickUrbanPlanetLinkTest(ClothingTest.java:46)
	at com.qa.walmart.Tests.ClothingTest.clickUrbanPlanetLinkTest(ClothingTest.java:46)
	at com.qa.walmart.Tests.ClothingTest.clickUrbanPlanetLinkTest(ClothingTest.java:46)
	at com.qa.walmart.Tests.ClothingTest.clickUrbanPlanetLinkTest(ClothingTest.java:46)
	at com.qa.walmart.Tests.ClothingTest.clickUrbanPlanetLinkTest(ClothingTest.java:46)
	at com.qa.walmart.Tests.ClothingTest.clickUrbanPlanetLinkTest(ClothingTest.java:46)
	at com.qa.walmart.Tests.ClothingTest.clickUrbanPlanetLinkTest(ClothingTest.java:46)
	at com.qa.walmart.Tests.ClothingTest.clickUrbanPlanetLinkTest(ClothingTest.java:46)
	at com.qa.walmart.Tests.ClothingTest.clickUrbanPlanetLinkTest(ClothingTest.java:46)
	at com.qa.walmart.Tests.ClothingTest.clickUrbanPlanetLinkTest(ClothingTest.java:46)
	at com.qa.walmart.Tests.ClothingTest.clickUrbanPlanetLinkTest(ClothingTest.java:46)
	at com.qa.walmart.Tests.ClothingTest.clickUrbanPlanetLinkTest(ClothingTest.java:46)
	at com.qa.walmart.Tests.ClothingTest.clickUrbanPlanetLinkTest(ClothingTest.java:46)
	at com.qa.walmart.Tests.ClothingTest.clickUrbanPlanetLinkTest(ClothingTest.java:46)
	at com.qa.walmart.Tests.ClothingTest.clickUrbanPlanetLinkTest(ClothingTest.java:46)
	at com.qa.walmart.Tests.ClothingTest.clickUrbanPlanetLinkTest(ClothingTest.java:46)
	at com.qa.walmart.Tests.ClothingTest.clickUrbanPlanetLinkTest(ClothingTest.java:46)
	at com.qa.walmart.Tests.ClothingTest.clickUrbanPlanetLinkTest(ClothingTest.java:46)
	at com.qa.walmart.Tests.ClothingTest.clickUrbanPlanetLinkTest(ClothingTest.java:46)
	at com.qa.walmart.Tests.ClothingTest.clickUrbanPlanetLinkTest(ClothingTest.java:46)
	at com.qa.walmart.Tests.ClothingTest.clickUrbanPlanetLinkTest(ClothingTest.java:46)
	at com.qa.walmart.Tests.ClothingTest.clickUrbanPlanetLinkTest(ClothingTest.java:46)
	at com.qa.walmart.Tests.ClothingTest.clickUrbanPlanetLinkTest(ClothingTest.java:46)
	at com.qa.walmart.Tests.ClothingTest.clickUrbanPlanetLinkTest(ClothingTest.java:46)
	at com.qa.walmart.Tests.ClothingTest.clickUrbanPlanetLinkTest(ClothingTest.java:46)
	at com.qa.walmart.Tests.ClothingTest.clickUrbanPlanetLinkTest(ClothingTest.java:46)
	at com.qa.walmart.Tests.ClothingTest.clickUrbanPlanetLinkTest(ClothingTest.java:46)
	at com.qa.walmart.Tests.ClothingTest.clickUrbanPlanetLinkTest(ClothingTest.java:46)
	at com.qa.walmart.Tests.ClothingTest.clickUrbanPlanetLinkTest(ClothingTest.java:46)
	at com.qa.walmart.Tests.ClothingTest.clickUrbanPlanetLinkTest(ClothingTest.java:46)
	at com.qa.walmart.Tests.ClothingTest.clickUrbanPlanetLinkTest(ClothingTest.java:46)
	at com.qa.walmart.Tests.ClothingTest.clickUrbanPlanetLinkTest(ClothingTest.java:46)
	at com.qa.walmart.Tests.ClothingTest.clickUrbanPlanetLinkTest(ClothingTest.java:46)
	at com.qa.walmart.Tests.ClothingTest.clickUrbanPlanetLinkTest(ClothingTest.java:46)
	at com.qa.walmart.Tests.ClothingTest.clickUrbanPlanetLinkTest(ClothingTest.java:46)
	at com.qa.walmart.Tests.ClothingTest.clickUrbanPlanetLinkTest(ClothingTest.java:46)
	at com.qa.walmart.Tests.ClothingTest.clickUrbanPlanetLinkTest(ClothingTest.java:46)
	at com.qa.walmart.Tests.ClothingTest.clickUrbanPlanetLinkTest(ClothingTest.java:46)
	at com.qa.walmart.Tests.ClothingTest.clickUrbanPlanetLinkTest(ClothingTest.java:46)
	at com.qa.walmart.Tests.ClothingTest.clickUrbanPlanetLinkTest(ClothingTest.java:46)
	at com.qa.walmart.Tests.ClothingTest.clickUrbanPlanetLinkTest(ClothingTest.java:46)
	at com.qa.walmart.Tests.ClothingTest.clickUrbanPlanetLinkTest(ClothingTest.java:46)
	at com.qa.walmart.Tests.ClothingTest.clickUrbanPlanetLinkTest(ClothingTest.java:46)
	at com.qa.walmart.Tests.ClothingTest.clickUrbanPlanetLinkTest(ClothingTest.java:46)
	at com.qa.walmart.Tests.ClothingTest.clickUrbanPlanetLinkTest(ClothingTest.java:46)
	at com.qa.walmart.Tests.ClothingTest.clickUrbanPlanetLinkTest(ClothingTest.java:46)
	at com.qa.walmart.Tests.ClothingTest.clickUrbanPlanetLinkTest(ClothingTest.java:46)
	at com.qa.walmart.Tests.ClothingTest.clickUrbanPlanetLinkTest(ClothingTest.java:46)
	at com.qa.walmart.Tests.ClothingTest.clickUrbanPlanetLinkTest(ClothingTest.java:46)
	at com.qa.walmart.Tests.ClothingTest.clickUrbanPlanetLinkTest(ClothingTest.java:46)
	at com.qa.walmart.Tests.ClothingTest.clickUrbanPlanetLinkTest(ClothingTest.java:46)
	at com.qa.walmart.Tests.ClothingTest.clickUrbanPlanetLinkTest(ClothingTest.java:46)
	at com.qa.walmart.Tests.ClothingTest.clickUrbanPlanetLinkTest(ClothingTest.java:46)
	at com.qa.walmart.Tests.ClothingTest.clickUrbanPlanetLinkTest(ClothingTest.java:46)
	at com.qa.walmart.Tests.ClothingTest.clickUrbanPlanetLinkTest(ClothingTest.java:46)
	at com.qa.walmart.Tests.ClothingTest.clickUrbanPlanetLinkTest(ClothingTest.java:46)
	at com.qa.walmart.Tests.ClothingTest.clickUrbanPlanetLinkTest(ClothingTest.java:46)
	at com.qa.walmart.Tests.ClothingTest.clickUrbanPlanetLinkTest(ClothingTest.java:46)
	at com.qa.walmart.Tests.ClothingTest.clickUrbanPlanetLinkTest(ClothingTest.java:46)
	at com.qa.walmart.Tests.ClothingTest.clickUrbanPlanetLinkTest(ClothingTest.java:46)
	at com.qa.walmart.Tests.ClothingTest.clickUrbanPlanetLinkTest(ClothingTest.java:46)
	at com.qa.walmart.Tests.ClothingTest.clickUrbanPlanetLinkTest(ClothingTest.java:46)
	at com.qa.walmart.Tests.ClothingTest.clickUrbanPlanetLinkTest(ClothingTest.java:46)
	at com.qa.walmart.Tests.ClothingTest.clickUrbanPlanetLinkTest(ClothingTest.java:46)
	at com.qa.walmart.Tests.ClothingTest.clickUrbanPlanetLinkTest(ClothingTest.java:46)
	at com.qa.walmart.Tests.ClothingTest.clickUrbanPlanetLinkTest(ClothingTest.java:46)
	at com.qa.walmart.Tests.ClothingTest.clickUrbanPlanetLinkTest(ClothingTest.java:46)
	at com.qa.walmart.Tests.ClothingTest.clickUrbanPlanetLinkTest(ClothingTest.java:46)
	at com.qa.walmart.Tests.ClothingTest.clickUrbanPlanetLinkTest(ClothingTest.java:46)
	at com.qa.walmart.Tests.ClothingTest.clickUrbanPlanetLinkTest(ClothingTest.java:46)
	at com.qa.walmart.Tests.ClothingTest.clickUrbanPlanetLinkTest(ClothingTest.java:46)
	at com.qa.walmart.Tests.ClothingTest.clickUrbanPlanetLinkTest(ClothingTest.java:46)
	at com.qa.walmart.Tests.ClothingTest.clickUrbanPlanetLinkTest(ClothingTest.java:46)
	at com.qa.walmart.Tests.ClothingTest.clickUrbanPlanetLinkTest(ClothingTest.java:46)
	at com.qa.walmart.Tests.ClothingTest.clickUrbanPlanetLinkTest(ClothingTest.java:46)
	at com.qa.walmart.Tests.ClothingTest.clickUrbanPlanetLinkTest(ClothingTest.java:46)
	at com.qa.walmart.Tests.ClothingTest.clickUrbanPlanetLinkTest(ClothingTest.java:46)
	at com.qa.walmart.Tests.ClothingTest.clickUrbanPlanetLinkTest(ClothingTest.java:46)
	at com.qa.walmart.Tests.ClothingTest.clickUrbanPlanetLinkTest(ClothingTest.java:46)
	at com.qa.walmart.Tests.ClothingTest.clickUrbanPlanetLinkTest(ClothingTest.java:46)
	at com.qa.walmart.Tests.ClothingTest.clickUrbanPlanetLinkTest(ClothingTest.java:46)
	at com.qa.walmart.Tests.ClothingTest.clickUrbanPlanetLinkTest(ClothingTest.java:46)
	at com.qa.walmart.Tests.ClothingTest.clickUrbanPlanetLinkTest(ClothingTest.java:46)
	at com.qa.walmart.Tests.ClothingTest.clickUrbanPlanetLinkTest(ClothingTest.java:46)
	at com.qa.walmart.Tests.ClothingTest.clickUrbanPlanetLinkTest(ClothingTest.java:46)
	at com.qa.walmart.Tests.ClothingTest.clickUrbanPlanetLinkTest(ClothingTest.java:46)
	at com.qa.walmart.Tests.ClothingTest.clickUrbanPlanetLinkTest(ClothingTest.java:46)
	at com.qa.walmart.Tests.ClothingTest.clickUrbanPlanetLinkTest(ClothingTest.java:46)
	at com.qa.walmart.Tests.ClothingTest.clickUrbanPlanetLinkTest(ClothingTest.java:46)
	at com.qa.walmart.Tests.ClothingTest.clickUrbanPlanetLinkTest(ClothingTest.java:46)
	at com.qa.walmart.Tests.ClothingTest.clickUrbanPlanetLinkTest(ClothingTest.java:46)
	at com.qa.walmart.Tests.ClothingTest.clickUrbanPlanetLinkTest(ClothingTest.java:46)
	at com.qa.walmart.Tests.ClothingTest.clickUrbanPlanetLinkTest(ClothingTest.java:46)
	at com.qa.walmart.Tests.ClothingTest.clickUrbanPlanetLinkTest(ClothingTest.java:46)
	at com.qa.walmart.Tests.ClothingTest.clickUrbanPlanetLinkTest(ClothingTest.java:46)
	at com.qa.walmart.Tests.ClothingTest.clickUrbanPlanetLinkTest(ClothingTest.java:46)
	at com.qa.walmart.Tests.ClothingTest.clickUrbanPlanetLinkTest(ClothingTest.java:46)
	at com.qa.walmart.Tests.ClothingTest.clickUrbanPlanetLinkTest(ClothingTest.java:46)
	at com.qa.walmart.Tests.ClothingTest.clickUrbanPlanetLinkTest(ClothingTest.java:46)
	at com.qa.walmart.Tests.ClothingTest.clickUrbanPlanetLinkTest(ClothingTest.java:46)
	at com.qa.walmart.Tests.ClothingTest.clickUrbanPlanetLinkTest(ClothingTest.java:46)
	at com.qa.walmart.Tests.ClothingTest.clickUrbanPlanetLinkTest(ClothingTest.java:46)
	at com.qa.walmart.Tests.ClothingTest.clickUrbanPlanetLinkTest(ClothingTest.java:46)
	at com.qa.walmart.Tests.ClothingTest.clickUrbanPlanetLinkTest(ClothingTest.java:46)
	at com.qa.walmart.Tests.ClothingTest.clickUrbanPlanetLinkTest(ClothingTest.java:46)
	at com.qa.walmart.Tests.ClothingTest.clickUrbanPlanetLinkTest(ClothingTest.java:46)
	at com.qa.walmart.Tests.ClothingTest.clickUrbanPlanetLinkTest(ClothingTest.java:46)
	at com.qa.walmart.Tests.ClothingTest.clickUrbanPlanetLinkTest(ClothingTest.java:46)
	at com.qa.walmart.Tests.ClothingTest.clickUrbanPlanetLinkTest(ClothingTest.java:46)
	at com.qa.walmart.Tests.ClothingTest.clickUrbanPlanetLinkTest(ClothingTest.java:46)
	at com.qa.walmart.Tests.ClothingTest.clickUrbanPlanetLinkTest(ClothingTest.java:46)
	at com.qa.walmart.Tests.ClothingTest.clickUrbanPlanetLinkTest(ClothingTest.java:46)
	at com.qa.walmart.Tests.ClothingTest.clickUrbanPlanetLinkTest(ClothingTest.java:46)
	at com.qa.walmart.Tests.ClothingTest.clickUrbanPlanetLinkTest(ClothingTest.java:46)
	at com.qa.walmart.Tests.ClothingTest.clickUrbanPlanetLinkTest(ClothingTest.java:46)
	at com.qa.walmart.Tests.ClothingTest.clickUrbanPlanetLinkTest(ClothingTest.java:46)
	at com.qa.walmart.Tests.ClothingTest.clickUrbanPlanetLinkTest(ClothingTest.java:46)
	at com.qa.walmart.Tests.ClothingTest.clickUrbanPlanetLinkTest(ClothingTest.java:46)
	at com.qa.walmart.Tests.ClothingTest.clickUrbanPlanetLinkTest(ClothingTest.java:46)
	at com.qa.walmart.Tests.ClothingTest.clickUrbanPlanetLinkTest(ClothingTest.java:46)
	at com.qa.walmart.Tests.ClothingTest.clickUrbanPlanetLinkTest(ClothingTest.java:46)
	at com.qa.walmart.Tests.ClothingTest.clickUrbanPlanetLinkTest(ClothingTest.java:46)
	at com.qa.walmart.Tests.ClothingTest.clickUrbanPlanetLinkTest(ClothingTest.java:46)
	at com.qa.walmart.Tests.ClothingTest.clickUrbanPlanetLinkTest(ClothingTest.java:46)
	at com.qa.walmart.Tests.ClothingTest.clickUrbanPlanetLinkTest(ClothingTest.java:46)
	at com.qa.walmart.Tests.ClothingTest.clickUrbanPlanetLinkTest(ClothingTest.java:46)
	at com.qa.walmart.Tests.ClothingTest.clickUrbanPlanetLinkTest(ClothingTest.java:46)
	at com.qa.walmart.Tests.ClothingTest.clickUrbanPlanetLinkTest(ClothingTest.java:46)
	at com.qa.walmart.Tests.ClothingTest.clickUrbanPlanetLinkTest(ClothingTest.java:46)
	at com.qa.walmart.Tests.ClothingTest.clickUrbanPlanetLinkTest(ClothingTest.java:46)
	at com.qa.walmart.Tests.ClothingTest.clickUrbanPlanetLinkTest(ClothingTest.java:46)
	at com.qa.walmart.Tests.ClothingTest.clickUrbanPlanetLinkTest(ClothingTest.java:46)
	at com.qa.walmart.Tests.ClothingTest.clickUrbanPlanetLinkTest(ClothingTest.java:46)
	at com.qa.walmart.Tests.ClothingTest.clickUrbanPlanetLinkTest(ClothingTest.java:46)
	at com.qa.walmart.Tests.ClothingTest.clickUrbanPlanetLinkTest(ClothingTest.java:46)
	at com.qa.walmart.Tests.ClothingTest.clickUrbanPlanetLinkTest(ClothingTest.java:46)
	at com.qa.walmart.Tests.ClothingTest.clickUrbanPlanetLinkTest(ClothingTest.java:46)
	at com.qa.walmart.Tests.ClothingTest.clickUrbanPlanetLinkTest(ClothingTest.java:46)
	at com.qa.walmart.Tests.ClothingTest.clickUrbanPlanetLinkTest(ClothingTest.java:46)
	at com.qa.walmart.Tests.ClothingTest.clickUrbanPlanetLinkTest(ClothingTest.java:46)
	at com.qa.walmart.Tests.ClothingTest.clickUrbanPlanetLinkTest(ClothingTest.java:46)
	at com.qa.walmart.Tests.ClothingTest.clickUrbanPlanetLinkTest(ClothingTest.java:46)
	at com.qa.walmart.Tests.ClothingTest.clickUrbanPlanetLinkTest(ClothingTest.java:46)
	at com.qa.walmart.Tests.ClothingTest.clickUrbanPlanetLinkTest(ClothingTest.java:46)
	at com.qa.walmart.Tests.ClothingTest.clickUrbanPlanetLinkTest(ClothingTest.java:46)
	at com.qa.walmart.Tests.ClothingTest.clickUrbanPlanetLinkTest(ClothingTest.java:46)
	at com.qa.walmart.Tests.ClothingTest.clickUrbanPlanetLinkTest(ClothingTest.java:46)
	at com.qa.walmart.Tests.ClothingTest.clickUrbanPlanetLinkTest(ClothingTest.java:46)
	at com.qa.walmart.Tests.ClothingTest.clickUrbanPlanetLinkTest(ClothingTest.java:46)
	at com.qa.walmart.Tests.ClothingTest.clickUrbanPlanetLinkTest(ClothingTest.java:46)
	at com.qa.walmart.Tests.ClothingTest.clickUrbanPlanetLinkTest(ClothingTest.java:46)
	at com.qa.walmart.Tests.ClothingTest.clickUrbanPlanetLinkTest(ClothingTest.java:46)
	at com.qa.walmart.Tests.ClothingTest.clickUrbanPlanetLinkTest(ClothingTest.java:46)
	at com.qa.walmart.Tests.ClothingTest.clickUrbanPlanetLinkTest(ClothingTest.java:46)
	at com.qa.walmart.Tests.ClothingTest.clickUrbanPlanetLinkTest(ClothingTest.java:46)
	at com.qa.walmart.Tests.ClothingTest.clickUrbanPlanetLinkTest(ClothingTest.java:46)
	at com.qa.walmart.Tests.ClothingTest.clickUrbanPlanetLinkTest(ClothingTest.java:46)
	at com.qa.walmart.Tests.ClothingTest.clickUrbanPlanetLinkTest(ClothingTest.java:46)
	at com.qa.walmart.Tests.ClothingTest.clickUrbanPlanetLinkTest(ClothingTest.java:46)
	at com.qa.walmart.Tests.ClothingTest.clickUrbanPlanetLinkTest(ClothingTest.java:46)
	at com.qa.walmart.Tests.ClothingTest.clickUrbanPlanetLinkTest(ClothingTest.java:46)
	at com.qa.walmart.Tests.ClothingTest.clickUrbanPlanetLinkTest(ClothingTest.java:46)
	at com.qa.walmart.Tests.ClothingTest.clickUrbanPlanetLinkTest(ClothingTest.java:46)
	at com.qa.walmart.Tests.ClothingTest.clickUrbanPlanetLinkTest(ClothingTest.java:46)
	at com.qa.walmart.Tests.ClothingTest.clickUrbanPlanetLinkTest(ClothingTest.java:46)
	at com.qa.walmart.Tests.ClothingTest.clickUrbanPlanetLinkTest(ClothingTest.java:46)
	at com.qa.walmart.Tests.ClothingTest.clickUrbanPlanetLinkTest(ClothingTest.java:46)
	at com.qa.walmart.Tests.ClothingTest.clickUrbanPlanetLinkTest(ClothingTest.java:46)
	at com.qa.walmart.Tests.ClothingTest.clickUrbanPlanetLinkTest(ClothingTest.java:46)
	at com.qa.walmart.Tests.ClothingTest.clickUrbanPlanetLinkTest(ClothingTest.java:46)
	at com.qa.walmart.Tests.ClothingTest.clickUrbanPlanetLinkTest(ClothingTest.java:46)
	at com.qa.walmart.Tests.ClothingTest.clickUrbanPlanetLinkTest(ClothingTest.java:46)
	at com.qa.walmart.Tests.ClothingTest.clickUrbanPlanetLinkTest(ClothingTest.java:46)
	at com.qa.walmart.Tests.ClothingTest.clickUrbanPlanetLinkTest(ClothingTest.java:46)
	at com.qa.walmart.Tests.ClothingTest.clickUrbanPlanetLinkTest(ClothingTest.java:46)
	at com.qa.walmart.Tests.ClothingTest.clickUrbanPlanetLinkTest(ClothingTest.java:46)
	at com.qa.walmart.Tests.ClothingTest.clickUrbanPlanetLinkTest(ClothingTest.java:46)
	at com.qa.walmart.Tests.ClothingTest.clickUrbanPlanetLinkTest(ClothingTest.java:46)
	at com.qa.walmart.Tests.ClothingTest.clickUrbanPlanetLinkTest(ClothingTest.java:46)
	at com.qa.walmart.Tests.ClothingTest.clickUrbanPlanetLinkTest(ClothingTest.java:46)
	at com.qa.walmart.Tests.ClothingTest.clickUrbanPlanetLinkTest(ClothingTest.java:46)
	at com.qa.walmart.Tests.ClothingTest.clickUrbanPlanetLinkTest(ClothingTest.java:46)
	at com.qa.walmart.Tests.ClothingTest.clickUrbanPlanetLinkTest(ClothingTest.java:46)
	at com.qa.walmart.Tests.ClothingTest.clickUrbanPlanetLinkTest(ClothingTest.java:46)
	at com.qa.walmart.Tests.ClothingTest.clickUrbanPlanetLinkTest(ClothingTest.java:46)
	at com.qa.walmart.Tests.ClothingTest.clickUrbanPlanetLinkTest(ClothingTest.java:46)
	at com.qa.walmart.Tests.ClothingTest.clickUrbanPlanetLinkTest(ClothingTest.java:46)
	at com.qa.walmart.Tests.ClothingTest.clickUrbanPlanetLinkTest(ClothingTest.java:46)
	at com.qa.walmart.Tests.ClothingTest.clickUrbanPlanetLinkTest(ClothingTest.java:46)
	at com.qa.walmart.Tests.ClothingTest.clickUrbanPlanetLinkTest(ClothingTest.java:46)
	at com.qa.walmart.Tests.ClothingTest.clickUrbanPlanetLinkTest(ClothingTest.java:46)
	at com.qa.walmart.Tests.ClothingTest.clickUrbanPlanetLinkTest(ClothingTest.java:46)
	at com.qa.walmart.Tests.ClothingTest.clickUrbanPlanetLinkTest(ClothingTest.java:46)
	at com.qa.walmart.Tests.ClothingTest.clickUrbanPlanetLinkTest(ClothingTest.java:46)
	at com.qa.walmart.Tests.ClothingTest.clickUrbanPlanetLinkTest(ClothingTest.java:46)
	at com.qa.walmart.Tests.ClothingTest.clickUrbanPlanetLinkTest(ClothingTest.java:46)
	at com.qa.walmart.Tests.ClothingTest.clickUrbanPlanetLinkTest(ClothingTest.java:46)
	at com.qa.walmart.Tests.ClothingTest.clickUrbanPlanetLinkTest(ClothingTest.java:46)
	at com.qa.walmart.Tests.ClothingTest.clickUrbanPlanetLinkTest(ClothingTest.java:46)
	at com.qa.walmart.Tests.ClothingTest.clickUrbanPlanetLinkTest(ClothingTest.java:46)
	at com.qa.walmart.Tests.ClothingTest.clickUrbanPlanetLinkTest(ClothingTest.java:46)
	at com.qa.walmart.Tests.ClothingTest.clickUrbanPlanetLinkTest(ClothingTest.java:46)
	at com.qa.walmart.Tests.ClothingTest.clickUrbanPlanetLinkTest(ClothingTest.java:46)
	at com.qa.walmart.Tests.ClothingTest.clickUrbanPlanetLinkTest(ClothingTest.java:46)
	at com.qa.walmart.Tests.ClothingTest.clickUrbanPlanetLinkTest(ClothingTest.java:46)
	at com.qa.walmart.Tests.ClothingTest.clickUrbanPlanetLinkTest(ClothingTest.java:46)
	at com.qa.walmart.Tests.ClothingTest.clickUrbanPlanetLinkTest(ClothingTest.java:46)
	at com.qa.walmart.Tests.ClothingTest.clickUrbanPlanetLinkTest(ClothingTest.java:46)
	at com.qa.walmart.Tests.ClothingTest.clickUrbanPlanetLinkTest(ClothingTest.java:46)
	at com.qa.walmart.Tests.ClothingTest.clickUrbanPlanetLinkTest(ClothingTest.java:46)
	at com.qa.walmart.Tests.ClothingTest.clickUrbanPlanetLinkTest(ClothingTest.java:46)
	at com.qa.walmart.Tests.ClothingTest.clickUrbanPlanetLinkTest(ClothingTest.java:46)
	at com.qa.walmart.Tests.ClothingTest.clickUrbanPlanetLinkTest(ClothingTest.java:46)
	at com.qa.walmart.Tests.ClothingTest.clickUrbanPlanetLinkTest(ClothingTest.java:46)
	at com.qa.walmart.Tests.ClothingTest.clickUrbanPlanetLinkTest(ClothingTest.java:46)
	at com.qa.walmart.Tests.ClothingTest.clickUrbanPlanetLinkTest(ClothingTest.java:46)
	at com.qa.walmart.Tests.ClothingTest.clickUrbanPlanetLinkTest(ClothingTest.java:46)
	at com.qa.walmart.Tests.ClothingTest.clickUrbanPlanetLinkTest(ClothingTest.java:46)
	at com.qa.walmart.Tests.ClothingTest.clickUrbanPlanetLinkTest(ClothingTest.java:46)
	at com.qa.walmart.Tests.ClothingTest.clickUrbanPlanetLinkTest(ClothingTest.java:46)
	at com.qa.walmart.Tests.ClothingTest.clickUrbanPlanetLinkTest(ClothingTest.java:46)
	at com.qa.walmart.Tests.ClothingTest.clickUrbanPlanetLinkTest(ClothingTest.java:46)
	at com.qa.walmart.Tests.ClothingTest.clickUrbanPlanetLinkTest(ClothingTest.java:46)
	at com.qa.walmart.Tests.ClothingTest.clickUrbanPlanetLinkTest(ClothingTest.java:46)
	at com.qa.walmart.Tests.ClothingTest.clickUrbanPlanetLinkTest(ClothingTest.java:46)
	at com.qa.walmart.Tests.ClothingTest.clickUrbanPlanetLinkTest(ClothingTest.java:46)
	at com.qa.walmart.Tests.ClothingTest.clickUrbanPlanetLinkTest(ClothingTest.java:46)
	at com.qa.walmart.Tests.ClothingTest.clickUrbanPlanetLinkTest(ClothingTest.java:46)
	at com.qa.walmart.Tests.ClothingTest.clickUrbanPlanetLinkTest(ClothingTest.java:46)
	at com.qa.walmart.Tests.ClothingTest.clickUrbanPlanetLinkTest(ClothingTest.java:46)
	at com.qa.walmart.Tests.ClothingTest.clickUrbanPlanetLinkTest(ClothingTest.java:46)
	at com.qa.walmart.Tests.ClothingTest.clickUrbanPlanetLinkTest(ClothingTest.java:46)
	at com.qa.walmart.Tests.ClothingTest.clickUrbanPlanetLinkTest(ClothingTest.java:46)
	at com.qa.walmart.Tests.ClothingTest.clickUrbanPlanetLinkTest(ClothingTest.java:46)
	at com.qa.walmart.Tests.ClothingTest.clickUrbanPlanetLinkTest(ClothingTest.java:46)
	at com.qa.walmart.Tests.ClothingTest.clickUrbanPlanetLinkTest(ClothingTest.java:46)
	at com.qa.walmart.Tests.ClothingTest.clickUrbanPlanetLinkTest(ClothingTest.java:46)
	at com.qa.walmart.Tests.ClothingTest.clickUrbanPlanetLinkTest(ClothingTest.java:46)
	at com.qa.walmart.Tests.ClothingTest.clickUrbanPlanetLinkTest(ClothingTest.java:46)
	at com.qa.walmart.Tests.ClothingTest.clickUrbanPlanetLinkTest(ClothingTest.java:46)
	at com.qa.walmart.Tests.ClothingTest.clickUrbanPlanetLinkTest(ClothingTest.java:46)
	at com.qa.walmart.Tests.ClothingTest.clickUrbanPlanetLinkTest(ClothingTest.java:46)
	at com.qa.walmart.Tests.ClothingTest.clickUrbanPlanetLinkTest(ClothingTest.java:46)
	at com.qa.walmart.Tests.ClothingTest.clickUrbanPlanetLinkTest(ClothingTest.java:46)
	at com.qa.walmart.Tests.ClothingTest.clickUrbanPlanetLinkTest(ClothingTest.java:46)
	at com.qa.walmart.Tests.ClothingTest.clickUrbanPlanetLinkTest(ClothingTest.java:46)
	at com.qa.walmart.Tests.ClothingTest.clickUrbanPlanetLinkTest(ClothingTest.java:46)
	at com.qa.walmart.Tests.ClothingTest.clickUrbanPlanetLinkTest(ClothingTest.java:46)
	at com.qa.walmart.Tests.ClothingTest.clickUrbanPlanetLinkTest(ClothingTest.java:46)
	at com.qa.walmart.Tests.ClothingTest.clickUrbanPlanetLinkTest(ClothingTest.java:46)
	at com.qa.walmart.Tests.ClothingTest.clickUrbanPlanetLinkTest(ClothingTest.java:46)
	at com.qa.walmart.Tests.ClothingTest.clickUrbanPlanetLinkTest(ClothingTest.java:46)
	at com.qa.walmart.Tests.ClothingTest.clickUrbanPlanetLinkTest(ClothingTest.java:46)
	at com.qa.walmart.Tests.ClothingTest.clickUrbanPlanetLinkTest(ClothingTest.java:46)
	at com.qa.walmart.Tests.ClothingTest.clickUrbanPlanetLinkTest(ClothingTest.java:46)
	at com.qa.walmart.Tests.ClothingTest.clickUrbanPlanetLinkTest(ClothingTest.java:46)
	at com.qa.walmart.Tests.ClothingTest.clickUrbanPlanetLinkTest(ClothingTest.java:46)
	at com.qa.walmart.Tests.ClothingTest.clickUrbanPlanetLinkTest(ClothingTest.java:46)
	at com.qa.walmart.Tests.ClothingTest.clickUrbanPlanetLinkTest(ClothingTest.java:46)
	at com.qa.walmart.Tests.ClothingTest.clickUrbanPlanetLinkTest(ClothingTest.java:46)
	at com.qa.walmart.Tests.ClothingTest.clickUrbanPlanetLinkTest(ClothingTest.java:46)
	at com.qa.walmart.Tests.ClothingTest.clickUrbanPlanetLinkTest(ClothingTest.java:46)
	at com.qa.walmart.Tests.ClothingTest.clickUrbanPlanetLinkTest(ClothingTest.java:46)
	at com.qa.walmart.Tests.ClothingTest.clickUrbanPlanetLinkTest(ClothingTest.java:46)
	at com.qa.walmart.Tests.ClothingTest.clickUrbanPlanetLinkTest(ClothingTest.java:46)
	at com.qa.walmart.Tests.ClothingTest.clickUrbanPlanetLinkTest(ClothingTest.java:46)
	at com.qa.walmart.Tests.ClothingTest.clickUrbanPlanetLinkTest(ClothingTest.java:46)
	at com.qa.walmart.Tests.ClothingTest.clickUrbanPlanetLinkTest(ClothingTest.java:46)
	at com.qa.walmart.Tests.ClothingTest.clickUrbanPlanetLinkTest(ClothingTest.java:46)
	at com.qa.walmart.Tests.ClothingTest.clickUrbanPlanetLinkTest(ClothingTest.java:46)
	at com.qa.walmart.Tests.ClothingTest.clickUrbanPlanetLinkTest(ClothingTest.java:46)
	at com.qa.walmart.Tests.ClothingTest.clickUrbanPlanetLinkTest(ClothingTest.java:46)
	at com.qa.walmart.Tests.ClothingTest.clickUrbanPlanetLinkTest(ClothingTest.java:46)
	at com.qa.walmart.Tests.ClothingTest.clickUrbanPlanetLinkTest(ClothingTest.java:46)
	at com.qa.walmart.Tests.ClothingTest.clickUrbanPlanetLinkTest(ClothingTest.java:46)
	at com.qa.walmart.Tests.ClothingTest.clickUrbanPlanetLinkTest(ClothingTest.java:46)
	at com.qa.walmart.Tests.ClothingTest.clickUrbanPlanetLinkTest(ClothingTest.java:46)
	at com.qa.walmart.Tests.ClothingTest.clickUrbanPlanetLinkTest(ClothingTest.java:46)
	at com.qa.walmart.Tests.ClothingTest.clickUrbanPlanetLinkTest(ClothingTest.java:46)
	at com.qa.walmart.Tests.ClothingTest.clickUrbanPlanetLinkTest(ClothingTest.java:46)
	at com.qa.walmart.Tests.ClothingTest.clickUrbanPlanetLinkTest(ClothingTest.java:46)
	at com.qa.walmart.Tests.ClothingTest.clickUrbanPlanetLinkTest(ClothingTest.java:46)
	at com.qa.walmart.Tests.ClothingTest.clickUrbanPlanetLinkTest(ClothingTest.java:46)
	at com.qa.walmart.Tests.ClothingTest.clickUrbanPlanetLinkTest(ClothingTest.java:46)
	at com.qa.walmart.Tests.ClothingTest.clickUrbanPlanetLinkTest(ClothingTest.java:46)
	at com.qa.walmart.Tests.ClothingTest.clickUrbanPlanetLinkTest(ClothingTest.java:46)
	at com.qa.walmart.Tests.ClothingTest.clickUrbanPlanetLinkTest(ClothingTest.java:46)
	at com.qa.walmart.Tests.ClothingTest.clickUrbanPlanetLinkTest(ClothingTest.java:46)
	at com.qa.walmart.Tests.ClothingTest.clickUrbanPlanetLinkTest(ClothingTest.java:46)
	at com.qa.walmart.Tests.ClothingTest.clickUrbanPlanetLinkTest(ClothingTest.java:46)
	at com.qa.walmart.Tests.ClothingTest.clickUrbanPlanetLinkTest(ClothingTest.java:46)
	at com.qa.walmart.Tests.ClothingTest.clickUrbanPlanetLinkTest(ClothingTest.java:46)
	at com.qa.walmart.Tests.ClothingTest.clickUrbanPlanetLinkTest(ClothingTest.java:46)
	at com.qa.walmart.Tests.ClothingTest.clickUrbanPlanetLinkTest(ClothingTest.java:46)
	at com.qa.walmart.Tests.ClothingTest.clickUrbanPlanetLinkTest(ClothingTest.java:46)
	at com.qa.walmart.Tests.ClothingTest.clickUrbanPlanetLinkTest(ClothingTest.java:46)
	at com.qa.walmart.Tests.ClothingTest.clickUrbanPlanetLinkTest(ClothingTest.java:46)
	at com.qa.walmart.Tests.ClothingTest.clickUrbanPlanetLinkTest(ClothingTest.java:46)
	at com.qa.walmart.Tests.ClothingTest.clickUrbanPlanetLinkTest(ClothingTest.java:46)
	at com.qa.walmart.Tests.ClothingTest.clickUrbanPlanetLinkTest(ClothingTest.java:46)
	at com.qa.walmart.Tests.ClothingTest.clickUrbanPlanetLinkTest(ClothingTest.java:46)
	at com.qa.walmart.Tests.ClothingTest.clickUrbanPlanetLinkTest(ClothingTest.java:46)
	at com.qa.walmart.Tests.ClothingTest.clickUrbanPlanetLinkTest(ClothingTest.java:46)
	at com.qa.walmart.Tests.ClothingTest.clickUrbanPlanetLinkTest(ClothingTest.java:46)
	at com.qa.walmart.Tests.ClothingTest.clickUrbanPlanetLinkTest(ClothingTest.java:46)
	at com.qa.walmart.Tests.ClothingTest.clickUrbanPlanetLinkTest(ClothingTest.java:46)
	at com.qa.walmart.Tests.ClothingTest.clickUrbanPlanetLinkTest(ClothingTest.java:46)
	at com.qa.walmart.Tests.ClothingTest.clickUrbanPlanetLinkTest(ClothingTest.java:46)
	at com.qa.walmart.Tests.ClothingTest.clickUrbanPlanetLinkTest(ClothingTest.java:46)
	at com.qa.walmart.Tests.ClothingTest.clickUrbanPlanetLinkTest(ClothingTest.java:46)
	at com.qa.walmart.Tests.ClothingTest.clickUrbanPlanetLinkTest(ClothingTest.java:46)
	at com.qa.walmart.Tests.ClothingTest.clickUrbanPlanetLinkTest(ClothingTest.java:46)
	at com.qa.walmart.Tests.ClothingTest.clickUrbanPlanetLinkTest(ClothingTest.java:46)
	at com.qa.walmart.Tests.ClothingTest.clickUrbanPlanetLinkTest(ClothingTest.java:46)
	at com.qa.walmart.Tests.ClothingTest.clickUrbanPlanetLinkTest(ClothingTest.java:46)
	at com.qa.walmart.Tests.ClothingTest.clickUrbanPlanetLinkTest(ClothingTest.java:46)
	at com.qa.walmart.Tests.ClothingTest.clickUrbanPlanetLinkTest(ClothingTest.java:46)
	at com.qa.walmart.Tests.ClothingTest.clickUrbanPlanetLinkTest(ClothingTest.java:46)
	at com.qa.walmart.Tests.ClothingTest.clickUrbanPlanetLinkTest(ClothingTest.java:46)
	at com.qa.walmart.Tests.ClothingTest.clickUrbanPlanetLinkTest(ClothingTest.java:46)
	at com.qa.walmart.Tests.ClothingTest.clickUrbanPlanetLinkTest(ClothingTest.java:46)
	at com.qa.walmart.Tests.ClothingTest.clickUrbanPlanetLinkTest(ClothingTest.java:46)
	at com.qa.walmart.Tests.ClothingTest.clickUrbanPlanetLinkTest(ClothingTest.java:46)
	at com.qa.walmart.Tests.ClothingTest.clickUrbanPlanetLinkTest(ClothingTest.java:46)
	at com.qa.walmart.Tests.ClothingTest.clickUrbanPlanetLinkTest(ClothingTest.java:46)
	at com.qa.walmart.Tests.ClothingTest.clickUrbanPlanetLinkTest(ClothingTest.java:46)
	at com.qa.walmart.Tests.ClothingTest.clickUrbanPlanetLinkTest(ClothingTest.java:46)
	at com.qa.walmart.Tests.ClothingTest.clickUrbanPlanetLinkTest(ClothingTest.java:46)
	at com.qa.walmart.Tests.ClothingTest.clickUrbanPlanetLinkTest(ClothingTest.java:46)
	at com.qa.walmart.Tests.ClothingTest.clickUrbanPlanetLinkTest(ClothingTest.java:46)
	at com.qa.walmart.Tests.ClothingTest.clickUrbanPlanetLinkTest(ClothingTest.java:46)
	at com.qa.walmart.Tests.ClothingTest.clickUrbanPlanetLinkTest(ClothingTest.java:46)
	at com.qa.walmart.Tests.ClothingTest.clickUrbanPlanetLinkTest(ClothingTest.java:46)
	at com.qa.walmart.Tests.ClothingTest.clickUrbanPlanetLinkTest(ClothingTest.java:46)
	at com.qa.walmart.Tests.ClothingTest.clickUrbanPlanetLinkTest(ClothingTest.java:46)
	at com.qa.walmart.Tests.ClothingTest.clickUrbanPlanetLinkTest(ClothingTest.java:46)
	at com.qa.walmart.Tests.ClothingTest.clickUrbanPlanetLinkTest(ClothingTest.java:46)
	at com.qa.walmart.Tests.ClothingTest.clickUrbanPlanetLinkTest(ClothingTest.java:46)
	at com.qa.walmart.Tests.ClothingTest.clickUrbanPlanetLinkTest(ClothingTest.java:46)
	at com.qa.walmart.Tests.ClothingTest.clickUrbanPlanetLinkTest(ClothingTest.java:46)
	at com.qa.walmart.Tests.ClothingTest.clickUrbanPlanetLinkTest(ClothingTest.java:46)
	at com.qa.walmart.Tests.ClothingTest.clickUrbanPlanetLinkTest(ClothingTest.java:46)
	at com.qa.walmart.Tests.ClothingTest.clickUrbanPlanetLinkTest(ClothingTest.java:46)
	at com.qa.walmart.Tests.ClothingTest.clickUrbanPlanetLinkTest(ClothingTest.java:46)
	at com.qa.walmart.Tests.ClothingTest.clickUrbanPlanetLinkTest(ClothingTest.java:46)
	at com.qa.walmart.Tests.ClothingTest.clickUrbanPlanetLinkTest(ClothingTest.java:46)
	at com.qa.walmart.Tests.ClothingTest.clickUrbanPlanetLinkTest(ClothingTest.java:46)
	at com.qa.walmart.Tests.ClothingTest.clickUrbanPlanetLinkTest(ClothingTest.java:46)
	at com.qa.walmart.Tests.ClothingTest.clickUrbanPlanetLinkTest(ClothingTest.java:46)
	at com.qa.walmart.Tests.ClothingTest.clickUrbanPlanetLinkTest(ClothingTest.java:46)
	at com.qa.walmart.Tests.ClothingTest.clickUrbanPlanetLinkTest(ClothingTest.java:46)
	at com.qa.walmart.Tests.ClothingTest.clickUrbanPlanetLinkTest(ClothingTest.java:46)
	at com.qa.walmart.Tests.ClothingTest.clickUrbanPlanetLinkTest(ClothingTest.java:46)
	at com.qa.walmart.Tests.ClothingTest.clickUrbanPlanetLinkTest(ClothingTest.java:46)
	at com.qa.walmart.Tests.ClothingTest.clickUrbanPlanetLinkTest(ClothingTest.java:46)
	at com.qa.walmart.Tests.ClothingTest.clickUrbanPlanetLinkTest(ClothingTest.java:46)
	at com.qa.walmart.Tests.ClothingTest.clickUrbanPlanetLinkTest(ClothingTest.java:46)
	at com.qa.walmart.Tests.ClothingTest.clickUrbanPlanetLinkTest(ClothingTest.java:46)
	at com.qa.walmart.Tests.ClothingTest.clickUrbanPlanetLinkTest(ClothingTest.java:46)
	at com.qa.walmart.Tests.ClothingTest.clickUrbanPlanetLinkTest(ClothingTest.java:46)
	at com.qa.walmart.Tests.ClothingTest.clickUrbanPlanetLinkTest(ClothingTest.java:46)
	at com.qa.walmart.Tests.ClothingTest.clickUrbanPlanetLinkTest(ClothingTest.java:46)
	at com.qa.walmart.Tests.ClothingTest.clickUrbanPlanetLinkTest(ClothingTest.java:46)
	at com.qa.walmart.Tests.ClothingTest.clickUrbanPlanetLinkTest(ClothingTest.java:46)
	at com.qa.walmart.Tests.ClothingTest.clickUrbanPlanetLinkTest(ClothingTest.java:46)
	at com.qa.walmart.Tests.ClothingTest.clickUrbanPlanetLinkTest(ClothingTest.java:46)
	at com.qa.walmart.Tests.ClothingTest.clickUrbanPlanetLinkTest(ClothingTest.java:46)
	at com.qa.walmart.Tests.ClothingTest.clickUrbanPlanetLinkTest(ClothingTest.java:46)
	at com.qa.walmart.Tests.ClothingTest.clickUrbanPlanetLinkTest(ClothingTest.java:46)
	at com.qa.walmart.Tests.ClothingTest.clickUrbanPlanetLinkTest(ClothingTest.java:46)
	at com.qa.walmart.Tests.ClothingTest.clickUrbanPlanetLinkTest(ClothingTest.java:46)
	at com.qa.walmart.Tests.ClothingTest.clickUrbanPlanetLinkTest(ClothingTest.java:46)
	at com.qa.walmart.Tests.ClothingTest.clickUrbanPlanetLinkTest(ClothingTest.java:46)
	at com.qa.walmart.Tests.ClothingTest.clickUrbanPlanetLinkTest(ClothingTest.java:46)
	at com.qa.walmart.Tests.ClothingTest.clickUrbanPlanetLinkTest(ClothingTest.java:46)
	at com.qa.walmart.Tests.ClothingTest.clickUrbanPlanetLinkTest(ClothingTest.java:46)
	at com.qa.walmart.Tests.ClothingTest.clickUrbanPlanetLinkTest(ClothingTest.java:46)
	at com.qa.walmart.Tests.ClothingTest.clickUrbanPlanetLinkTest(ClothingTest.java:46)
	at com.qa.walmart.Tests.ClothingTest.clickUrbanPlanetLinkTest(ClothingTest.java:46)
	at com.qa.walmart.Tests.ClothingTest.clickUrbanPlanetLinkTest(ClothingTest.java:46)
	at com.qa.walmart.Tests.ClothingTest.clickUrbanPlanetLinkTest(ClothingTest.java:46)
	at com.qa.walmart.Tests.ClothingTest.clickUrbanPlanetLinkTest(ClothingTest.java:46)
	at com.qa.walmart.Tests.ClothingTest.clickUrbanPlanetLinkTest(ClothingTest.java:46)
	at com.qa.walmart.Tests.ClothingTest.clickUrbanPlanetLinkTest(ClothingTest.java:46)
	at com.qa.walmart.Tests.ClothingTest.clickUrbanPlanetLinkTest(ClothingTest.java:46)
	at com.qa.walmart.Tests.ClothingTest.clickUrbanPlanetLinkTest(ClothingTest.java:46)
	at com.qa.walmart.Tests.ClothingTest.clickUrbanPlanetLinkTest(ClothingTest.java:46)
	at com.qa.walmart.Tests.ClothingTest.clickUrbanPlanetLinkTest(ClothingTest.java:46)
	at com.qa.walmart.Tests.ClothingTest.clickUrbanPlanetLinkTest(ClothingTest.java:46)
	at com.qa.walmart.Tests.ClothingTest.clickUrbanPlanetLinkTest(ClothingTest.java:46)
	at com.qa.walmart.Tests.ClothingTest.clickUrbanPlanetLinkTest(ClothingTest.java:46)
	at com.qa.walmart.Tests.ClothingTest.clickUrbanPlanetLinkTest(ClothingTest.java:46)
	at com.qa.walmart.Tests.ClothingTest.clickUrbanPlanetLinkTest(ClothingTest.java:46)
	at com.qa.walmart.Tests.ClothingTest.clickUrbanPlanetLinkTest(ClothingTest.java:46)
	at com.qa.walmart.Tests.ClothingTest.clickUrbanPlanetLinkTest(ClothingTest.java:46)
	at com.qa.walmart.Tests.ClothingTest.clickUrbanPlanetLinkTest(ClothingTest.java:46)
	at com.qa.walmart.Tests.ClothingTest.clickUrbanPlanetLinkTest(ClothingTest.java:46)
	at com.qa.walmart.Tests.ClothingTest.clickUrbanPlanetLinkTest(ClothingTest.java:46)
	at com.qa.walmart.Tests.ClothingTest.clickUrbanPlanetLinkTest(ClothingTest.java:46)
	at com.qa.walmart.Tests.ClothingTest.clickUrbanPlanetLinkTest(ClothingTest.java:46)
	at com.qa.walmart.Tests.ClothingTest.clickUrbanPlanetLinkTest(ClothingTest.java:46)
	at com.qa.walmart.Tests.ClothingTest.clickUrbanPlanetLinkTest(ClothingTest.java:46)
	at com.qa.walmart.Tests.ClothingTest.clickUrbanPlanetLinkTest(ClothingTest.java:46)
	at com.qa.walmart.Tests.ClothingTest.clickUrbanPlanetLinkTest(ClothingTest.java:46)
	at com.qa.walmart.Tests.ClothingTest.clickUrbanPlanetLinkTest(ClothingTest.java:46)
	at com.qa.walmart.Tests.ClothingTest.clickUrbanPlanetLinkTest(ClothingTest.java:46)
	at com.qa.walmart.Tests.ClothingTest.clickUrbanPlanetLinkTest(ClothingTest.java:46)
	at com.qa.walmart.Tests.ClothingTest.clickUrbanPlanetLinkTest(ClothingTest.java:46)
	at com.qa.walmart.Tests.ClothingTest.clickUrbanPlanetLinkTest(ClothingTest.java:46)
	at com.qa.walmart.Tests.ClothingTest.clickUrbanPlanetLinkTest(ClothingTest.java:46)
	at com.qa.walmart.Tests.ClothingTest.clickUrbanPlanetLinkTest(ClothingTest.java:46)
	at com.qa.walmart.Tests.ClothingTest.clickUrbanPlanetLinkTest(ClothingTest.java:46)
	at com.qa.walmart.Tests.ClothingTest.clickUrbanPlanetLinkTest(ClothingTest.java:46)
	at com.qa.walmart.Tests.ClothingTest.clickUrbanPlanetLinkTest(ClothingTest.java:46)
	at com.qa.walmart.Tests.ClothingTest.clickUrbanPlanetLinkTest(ClothingTest.java:46)
	at com.qa.walmart.Tests.ClothingTest.clickUrbanPlanetLinkTest(ClothingTest.java:46)
	at com.qa.walmart.Tests.ClothingTest.clickUrbanPlanetLinkTest(ClothingTest.java:46)
	at com.qa.walmart.Tests.ClothingTest.clickUrbanPlanetLinkTest(ClothingTest.java:46)
	at com.qa.walmart.Tests.ClothingTest.clickUrbanPlanetLinkTest(ClothingTest.java:46)
	at com.qa.walmart.Tests.ClothingTest.clickUrbanPlanetLinkTest(ClothingTest.java:46)
	at com.qa.walmart.Tests.ClothingTest.clickUrbanPlanetLinkTest(ClothingTest.java:46)
	at com.qa.walmart.Tests.ClothingTest.clickUrbanPlanetLinkTest(ClothingTest.java:46)
	at com.qa.walmart.Tests.ClothingTest.clickUrbanPlanetLinkTest(ClothingTest.java:46)
	at com.qa.walmart.Tests.ClothingTest.clickUrbanPlanetLinkTest(ClothingTest.java:46)
	at com.qa.walmart.Tests.ClothingTest.clickUrbanPlanetLinkTest(ClothingTest.java:46)
	at com.qa.walmart.Tests.ClothingTest.clickUrbanPlanetLinkTest(ClothingTest.java:46)
	at com.qa.walmart.Tests.ClothingTest.clickUrbanPlanetLinkTest(ClothingTest.java:46)
	at com.qa.walmart.Tests.ClothingTest.clickUrbanPlanetLinkTest(ClothingTest.java:46)
	at com.qa.walmart.Tests.ClothingTest.clickUrbanPlanetLinkTest(ClothingTest.java:46)
	at com.qa.walmart.Tests.ClothingTest.clickUrbanPlanetLinkTest(ClothingTest.java:46)
	at com.qa.walmart.Tests.ClothingTest.clickUrbanPlanetLinkTest(ClothingTest.java:46)
	at com.qa.walmart.Tests.ClothingTest.clickUrbanPlanetLinkTest(ClothingTest.java:46)
	at com.qa.walmart.Tests.ClothingTest.clickUrbanPlanetLinkTest(ClothingTest.java:46)
	at com.qa.walmart.Tests.ClothingTest.clickUrbanPlanetLinkTest(ClothingTest.java:46)
	at com.qa.walmart.Tests.ClothingTest.clickUrbanPlanetLinkTest(ClothingTest.java:46)
	at com.qa.walmart.Tests.ClothingTest.clickUrbanPlanetLinkTest(ClothingTest.java:46)
	at com.qa.walmart.Tests.ClothingTest.clickUrbanPlanetLinkTest(ClothingTest.java:46)
	at com.qa.walmart.Tests.ClothingTest.clickUrbanPlanetLinkTest(ClothingTest.java:46)
	at com.qa.walmart.Tests.ClothingTest.clickUrbanPlanetLinkTest(ClothingTest.java:46)
	at com.qa.walmart.Tests.ClothingTest.clickUrbanPlanetLinkTest(ClothingTest.java:46)
	at com.qa.walmart.Tests.ClothingTest.clickUrbanPlanetLinkTest(ClothingTest.java:46)
	at com.qa.walmart.Tests.ClothingTest.clickUrbanPlanetLinkTest(ClothingTest.java:46)
	at com.qa.walmart.Tests.ClothingTest.clickUrbanPlanetLinkTest(ClothingTest.java:46)
	at com.qa.walmart.Tests.ClothingTest.clickUrbanPlanetLinkTest(ClothingTest.java:46)
	at com.qa.walmart.Tests.ClothingTest.clickUrbanPlanetLinkTest(ClothingTest.java:46)
	at com.qa.walmart.Tests.ClothingTest.clickUrbanPlanetLinkTest(ClothingTest.java:46)
	at com.qa.walmart.Tests.ClothingTest.clickUrbanPlanetLinkTest(ClothingTest.java:46)
	at com.qa.walmart.Tests.ClothingTest.clickUrbanPlanetLinkTest(ClothingTest.java:46)
	at com.qa.walmart.Tests.ClothingTest.clickUrbanPlanetLinkTest(ClothingTest.java:46)
	at com.qa.walmart.Tests.ClothingTest.clickUrbanPlanetLinkTest(ClothingTest.java:46)
	at com.qa.walmart.Tests.ClothingTest.clickUrbanPlanetLinkTest(ClothingTest.java:46)
	at com.qa.walmart.Tests.ClothingTest.clickUrbanPlanetLinkTest(ClothingTest.java:46)
	at com.qa.walmart.Tests.ClothingTest.clickUrbanPlanetLinkTest(ClothingTest.java:46)
	at com.qa.walmart.Tests.ClothingTest.clickUrbanPlanetLinkTest(ClothingTest.java:46)
	at com.qa.walmart.Tests.ClothingTest.clickUrbanPlanetLinkTest(ClothingTest.java:46)
	at com.qa.walmart.Tests.ClothingTest.clickUrbanPlanetLinkTest(ClothingTest.java:46)
	at com.qa.walmart.Tests.ClothingTest.clickUrbanPlanetLinkTest(ClothingTest.java:46)
	at com.qa.walmart.Tests.ClothingTest.clickUrbanPlanetLinkTest(ClothingTest.java:46)
	at com.qa.walmart.Tests.ClothingTest.clickUrbanPlanetLinkTest(ClothingTest.java:46)
	at com.qa.walmart.Tests.ClothingTest.clickUrbanPlanetLinkTest(ClothingTest.java:46)
	at com.qa.walmart.Tests.ClothingTest.clickUrbanPlanetLinkTest(ClothingTest.java:46)
	at com.qa.walmart.Tests.ClothingTest.clickUrbanPlanetLinkTest(ClothingTest.java:46)
	at com.qa.walmart.Tests.ClothingTest.clickUrbanPlanetLinkTest(ClothingTest.java:46)
	at com.qa.walmart.Tests.ClothingTest.clickUrbanPlanetLinkTest(ClothingTest.java:46)
	at com.qa.walmart.Tests.ClothingTest.clickUrbanPlanetLinkTest(ClothingTest.java:46)
	at com.qa.walmart.Tests.ClothingTest.clickUrbanPlanetLinkTest(ClothingTest.java:46)
	at com.qa.walmart.Tests.ClothingTest.clickUrbanPlanetLinkTest(ClothingTest.java:46)
	at com.qa.walmart.Tests.ClothingTest.clickUrbanPlanetLinkTest(ClothingTest.java:46)
	at com.qa.walmart.Tests.ClothingTest.clickUrbanPlanetLinkTest(ClothingTest.java:46)
	at com.qa.walmart.Tests.ClothingTest.clickUrbanPlanetLinkTest(ClothingTest.java:46)
	at com.qa.walmart.Tests.ClothingTest.clickUrbanPlanetLinkTest(ClothingTest.java:46)
	at com.qa.walmart.Tests.ClothingTest.clickUrbanPlanetLinkTest(ClothingTest.java:46)
	at com.qa.walmart.Tests.ClothingTest.clickUrbanPlanetLinkTest(ClothingTest.java:46)
	at com.qa.walmart.Tests.ClothingTest.clickUrbanPlanetLinkTest(ClothingTest.java:46)
	at com.qa.walmart.Tests.ClothingTest.clickUrbanPlanetLinkTest(ClothingTest.java:46)
	at com.qa.walmart.Tests.ClothingTest.clickUrbanPlanetLinkTest(ClothingTest.java:46)
	at com.qa.walmart.Tests.ClothingTest.clickUrbanPlanetLinkTest(ClothingTest.java:46)
	at com.qa.walmart.Tests.ClothingTest.clickUrbanPlanetLinkTest(ClothingTest.java:46)
	at com.qa.walmart.Tests.ClothingTest.clickUrbanPlanetLinkTest(ClothingTest.java:46)
	at com.qa.walmart.Tests.ClothingTest.clickUrbanPlanetLinkTest(ClothingTest.java:46)
	at com.qa.walmart.Tests.ClothingTest.clickUrbanPlanetLinkTest(ClothingTest.java:46)
	at com.qa.walmart.Tests.ClothingTest.clickUrbanPlanetLinkTest(ClothingTest.java:46)
	at com.qa.walmart.Tests.ClothingTest.clickUrbanPlanetLinkTest(ClothingTest.java:46)
	at com.qa.walmart.Tests.ClothingTest.clickUrbanPlanetLinkTest(ClothingTest.java:46)
	at com.qa.walmart.Tests.ClothingTest.clickUrbanPlanetLinkTest(ClothingTest.java:46)
	at com.qa.walmart.Tests.ClothingTest.clickUrbanPlanetLinkTest(ClothingTest.java:46)
	at com.qa.walmart.Tests.ClothingTest.clickUrbanPlanetLinkTest(ClothingTest.java:46)
	at com.qa.walmart.Tests.ClothingTest.clickUrbanPlanetLinkTest(ClothingTest.java:46)
	at com.qa.walmart.Tests.ClothingTest.clickUrbanPlanetLinkTest(ClothingTest.java:46)
	at com.qa.walmart.Tests.ClothingTest.clickUrbanPlanetLinkTest(ClothingTest.java:46)
	at com.qa.walmart.Tests.ClothingTest.clickUrbanPlanetLinkTest(ClothingTest.java:46)
	at com.qa.walmart.Tests.ClothingTest.clickUrbanPlanetLinkTest(ClothingTest.java:46)
	at com.qa.walmart.Tests.ClothingTest.clickUrbanPlanetLinkTest(ClothingTest.java:46)
	at com.qa.walmart.Tests.ClothingTest.clickUrbanPlanetLinkTest(ClothingTest.java:46)
	at com.qa.walmart.Tests.ClothingTest.clickUrbanPlanetLinkTest(ClothingTest.java:46)
	at com.qa.walmart.Tests.ClothingTest.clickUrbanPlanetLinkTest(ClothingTest.java:46)
	at com.qa.walmart.Tests.ClothingTest.clickUrbanPlanetLinkTest(ClothingTest.java:46)
	at com.qa.walmart.Tests.ClothingTest.clickUrbanPlanetLinkTest(ClothingTest.java:46)
	at com.qa.walmart.Tests.ClothingTest.clickUrbanPlanetLinkTest(ClothingTest.java:46)
	at com.qa.walmart.Tests.ClothingTest.clickUrbanPlanetLinkTest(ClothingTest.java:46)
	at com.qa.walmart.Tests.ClothingTest.clickUrbanPlanetLinkTest(ClothingTest.java:46)
	at com.qa.walmart.Tests.ClothingTest.clickUrbanPlanetLinkTest(ClothingTest.java:46)
	at com.qa.walmart.Tests.ClothingTest.clickUrbanPlanetLinkTest(ClothingTest.java:46)
	at com.qa.walmart.Tests.ClothingTest.clickUrbanPlanetLinkTest(ClothingTest.java:46)
	at com.qa.walmart.Tests.ClothingTest.clickUrbanPlanetLinkTest(ClothingTest.java:46)
	at com.qa.walmart.Tests.ClothingTest.clickUrbanPlanetLinkTest(ClothingTest.java:46)
	at com.qa.walmart.Tests.ClothingTest.clickUrbanPlanetLinkTest(ClothingTest.java:46)
	at com.qa.walmart.Tests.ClothingTest.clickUrbanPlanetLinkTest(ClothingTest.java:46)
	at com.qa.walmart.Tests.ClothingTest.clickUrbanPlanetLinkTest(ClothingTest.java:46)
	at com.qa.walmart.Tests.ClothingTest.clickUrbanPlanetLinkTest(ClothingTest.java:46)
	at com.qa.walmart.Tests.ClothingTest.clickUrbanPlanetLinkTest(ClothingTest.java:46)
	at com.qa.walmart.Tests.ClothingTest.clickUrbanPlanetLinkTest(ClothingTest.java:46)
	at com.qa.walmart.Tests.ClothingTest.clickUrbanPlanetLinkTest(ClothingTest.java:46)
	at com.qa.walmart.Tests.ClothingTest.clickUrbanPlanetLinkTest(ClothingTest.java:46)
	at com.qa.walmart.Tests.ClothingTest.clickUrbanPlanetLinkTest(ClothingTest.java:46)
	at com.qa.walmart.Tests.ClothingTest.clickUrbanPlanetLinkTest(ClothingTest.java:46)
	at com.qa.walmart.Tests.ClothingTest.clickUrbanPlanetLinkTest(ClothingTest.java:46)
	at com.qa.walmart.Tests.ClothingTest.clickUrbanPlanetLinkTest(ClothingTest.java:46)
	at com.qa.walmart.Tests.ClothingTest.clickUrbanPlanetLinkTest(ClothingTest.java:46)
	at com.qa.walmart.Tests.ClothingTest.clickUrbanPlanetLinkTest(ClothingTest.java:46)
	at com.qa.walmart.Tests.ClothingTest.clickUrbanPlanetLinkTest(ClothingTest.java:46)
	at com.qa.walmart.Tests.ClothingTest.clickUrbanPlanetLinkTest(ClothingTest.java:46)
	at com.qa.walmart.Tests.ClothingTest.clickUrbanPlanetLinkTest(ClothingTest.java:46)
	at com.qa.walmart.Tests.ClothingTest.clickUrbanPlanetLinkTest(ClothingTest.java:46)
	at com.qa.walmart.Tests.ClothingTest.clickUrbanPlanetLinkTest(ClothingTest.java:46)
	at com.qa.walmart.Tests.ClothingTest.clickUrbanPlanetLinkTest(ClothingTest.java:46)
	at com.qa.walmart.Tests.ClothingTest.clickUrbanPlanetLinkTest(ClothingTest.java:46)
	at com.qa.walmart.Tests.ClothingTest.clickUrbanPlanetLinkTest(ClothingTest.java:46)
	at com.qa.walmart.Tests.ClothingTest.clickUrbanPlanetLinkTest(ClothingTest.java:46)
	at com.qa.walmart.Tests.ClothingTest.clickUrbanPlanetLinkTest(ClothingTest.java:46)
	at com.qa.walmart.Tests.ClothingTest.clickUrbanPlanetLinkTest(ClothingTest.java:46)
	at com.qa.walmart.Tests.ClothingTest.clickUrbanPlanetLinkTest(ClothingTest.java:46)
	at com.qa.walmart.Tests.ClothingTest.clickUrbanPlanetLinkTest(ClothingTest.java:46)
	at com.qa.walmart.Tests.ClothingTest.clickUrbanPlanetLinkTest(ClothingTest.java:46)
	at com.qa.walmart.Tests.ClothingTest.clickUrbanPlanetLinkTest(ClothingTest.java:46)
	at com.qa.walmart.Tests.ClothingTest.clickUrbanPlanetLinkTest(ClothingTest.java:46)
	at com.qa.walmart.Tests.ClothingTest.clickUrbanPlanetLinkTest(ClothingTest.java:46)
	at com.qa.walmart.Tests.ClothingTest.clickUrbanPlanetLinkTest(ClothingTest.java:46)
	at com.qa.walmart.Tests.ClothingTest.clickUrbanPlanetLinkTest(ClothingTest.java:46)
	at com.qa.walmart.Tests.ClothingTest.clickUrbanPlanetLinkTest(ClothingTest.java:46)
	at com.qa.walmart.Tests.ClothingTest.clickUrbanPlanetLinkTest(ClothingTest.java:46)
	at com.qa.walmart.Tests.ClothingTest.clickUrbanPlanetLinkTest(ClothingTest.java:46)
	at com.qa.walmart.Tests.ClothingTest.clickUrbanPlanetLinkTest(ClothingTest.java:46)
	at com.qa.walmart.Tests.ClothingTest.clickUrbanPlanetLinkTest(ClothingTest.java:46)
	at com.qa.walmart.Tests.ClothingTest.clickUrbanPlanetLinkTest(ClothingTest.java:46)
	at com.qa.walmart.Tests.ClothingTest.clickUrbanPlanetLinkTest(ClothingTest.java:46)
	at com.qa.walmart.Tests.ClothingTest.clickUrbanPlanetLinkTest(ClothingTest.java:46)
	at com.qa.walmart.Tests.ClothingTest.clickUrbanPlanetLinkTest(ClothingTest.java:46)
	at com.qa.walmart.Tests.ClothingTest.clickUrbanPlanetLinkTest(ClothingTest.java:46)
	at com.qa.walmart.Tests.ClothingTest.clickUrbanPlanetLinkTest(ClothingTest.java:46)
	at com.qa.walmart.Tests.ClothingTest.clickUrbanPlanetLinkTest(ClothingTest.java:46)
	at com.qa.walmart.Tests.ClothingTest.clickUrbanPlanetLinkTest(ClothingTest.java:46)
	at com.qa.walmart.Tests.ClothingTest.clickUrbanPlanetLinkTest(ClothingTest.java:46)
	at com.qa.walmart.Tests.ClothingTest.clickUrbanPlanetLinkTest(ClothingTest.java:46)
	at com.qa.walmart.Tests.ClothingTest.clickUrbanPlanetLinkTest(ClothingTest.java:46)
	at com.qa.walmart.Tests.ClothingTest.clickUrbanPlanetLinkTest(ClothingTest.java:46)
	at com.qa.walmart.Tests.ClothingTest.clickUrbanPlanetLinkTest(ClothingTest.java:46)
	at com.qa.walmart.Tests.ClothingTest.clickUrbanPlanetLinkTest(ClothingTest.java:46)
	at com.qa.walmart.Tests.ClothingTest.clickUrbanPlanetLinkTest(ClothingTest.java:46)
	at com.qa.walmart.Tests.ClothingTest.clickUrbanPlanetLinkTest(ClothingTest.java:46)
	at com.qa.walmart.Tests.ClothingTest.clickUrbanPlanetLinkTest(ClothingTest.java:46)
	at com.qa.walmart.Tests.ClothingTest.clickUrbanPlanetLinkTest(ClothingTest.java:46)
	at com.qa.walmart.Tests.ClothingTest.clickUrbanPlanetLinkTest(ClothingTest.java:46)
	at com.qa.walmart.Tests.ClothingTest.clickUrbanPlanetLinkTest(ClothingTest.java:46)
	at com.qa.walmart.Tests.ClothingTest.clickUrbanPlanetLinkTest(ClothingTest.java:46)
	at com.qa.walmart.Tests.ClothingTest.clickUrbanPlanetLinkTest(ClothingTest.java:46)
	at com.qa.walmart.Tests.ClothingTest.clickUrbanPlanetLinkTest(ClothingTest.java:46)
	at com.qa.walmart.Tests.ClothingTest.clickUrbanPlanetLinkTest(ClothingTest.java:46)
	at com.qa.walmart.Tests.ClothingTest.clickUrbanPlanetLinkTest(ClothingTest.java:46)
	at com.qa.walmart.Tests.ClothingTest.clickUrbanPlanetLinkTest(ClothingTest.java:46)
	at com.qa.walmart.Tests.ClothingTest.clickUrbanPlanetLinkTest(ClothingTest.java:46)
	at com.qa.walmart.Tests.ClothingTest.clickUrbanPlanetLinkTest(ClothingTest.java:46)
	at com.qa.walmart.Tests.ClothingTest.clickUrbanPlanetLinkTest(ClothingTest.java:46)
	at com.qa.walmart.Tests.ClothingTest.clickUrbanPlanetLinkTest(ClothingTest.java:46)
	at com.qa.walmart.Tests.ClothingTest.clickUrbanPlanetLinkTest(ClothingTest.java:46)
	at com.qa.walmart.Tests.ClothingTest.clickUrbanPlanetLinkTest(ClothingTest.java:46)
	at com.qa.walmart.Tests.ClothingTest.clickUrbanPlanetLinkTest(ClothingTest.java:46)
	at com.qa.walmart.Tests.ClothingTest.clickUrbanPlanetLinkTest(ClothingTest.java:46)
	at com.qa.walmart.Tests.ClothingTest.clickUrbanPlanetLinkTest(ClothingTest.java:46)
	at com.qa.walmart.Tests.ClothingTest.clickUrbanPlanetLinkTest(ClothingTest.java:46)
	at com.qa.walmart.Tests.ClothingTest.clickUrbanPlanetLinkTest(ClothingTest.java:46)
	at com.qa.walmart.Tests.ClothingTest.clickUrbanPlanetLinkTest(ClothingTest.java:46)
	at com.qa.walmart.Tests.ClothingTest.clickUrbanPlanetLinkTest(ClothingTest.java:46)
	at com.qa.walmart.Tests.ClothingTest.clickUrbanPlanetLinkTest(ClothingTest.java:46)
	at com.qa.walmart.Tests.ClothingTest.clickUrbanPlanetLinkTest(ClothingTest.java:46)
	at com.qa.walmart.Tests.ClothingTest.clickUrbanPlanetLinkTest(ClothingTest.java:46)
	at com.qa.walmart.Tests.ClothingTest.clickUrbanPlanetLinkTest(ClothingTest.java:46)
	at com.qa.walmart.Tests.ClothingTest.clickUrbanPlanetLinkTest(ClothingTest.java:46)
	at com.qa.walmart.Tests.ClothingTest.clickUrbanPlanetLinkTest(ClothingTest.java:46)
	at com.qa.walmart.Tests.ClothingTest.clickUrbanPlanetLinkTest(ClothingTest.java:46)
	at com.qa.walmart.Tests.ClothingTest.clickUrbanPlanetLinkTest(ClothingTest.java:46)
	at com.qa.walmart.Tests.ClothingTest.clickUrbanPlanetLinkTest(ClothingTest.java:46)
	at com.qa.walmart.Tests.ClothingTest.clickUrbanPlanetLinkTest(ClothingTest.java:46)
	at com.qa.walmart.Tests.ClothingTest.clickUrbanPlanetLinkTest(ClothingTest.java:46)
	at com.qa.walmart.Tests.ClothingTest.clickUrbanPlanetLinkTest(ClothingTest.java:46)
	at com.qa.walmart.Tests.ClothingTest.clickUrbanPlanetLinkTest(ClothingTest.java:46)
	at com.qa.walmart.Tests.ClothingTest.clickUrbanPlanetLinkTest(ClothingTest.java:46)
	at com.qa.walmart.Tests.ClothingTest.clickUrbanPlanetLinkTest(ClothingTest.java:46)
	at com.qa.walmart.Tests.ClothingTest.clickUrbanPlanetLinkTest(ClothingTest.java:46)
	at com.qa.walmart.Tests.ClothingTest.clickUrbanPlanetLinkTest(ClothingTest.java:46)
	at com.qa.walmart.Tests.ClothingTest.clickUrbanPlanetLinkTest(ClothingTest.java:46)
	at com.qa.walmart.Tests.ClothingTest.clickUrbanPlanetLinkTest(ClothingTest.java:46)
	at com.qa.walmart.Tests.ClothingTest.clickUrbanPlanetLinkTest(ClothingTest.java:46)
	at com.qa.walmart.Tests.ClothingTest.clickUrbanPlanetLinkTest(ClothingTest.java:46)
	at com.qa.walmart.Tests.ClothingTest.clickUrbanPlanetLinkTest(ClothingTest.java:46)
	at com.qa.walmart.Tests.ClothingTest.clickUrbanPlanetLinkTest(ClothingTest.java:46)
	at com.qa.walmart.Tests.ClothingTest.clickUrbanPlanetLinkTest(ClothingTest.java:46)
	at com.qa.walmart.Tests.ClothingTest.clickUrbanPlanetLinkTest(ClothingTest.java:46)
	at com.qa.walmart.Tests.ClothingTest.clickUrbanPlanetLinkTest(ClothingTest.java:46)
	at com.qa.walmart.Tests.ClothingTest.clickUrbanPlanetLinkTest(ClothingTest.java:46)
	at com.qa.walmart.Tests.ClothingTest.clickUrbanPlanetLinkTest(ClothingTest.java:46)
	at com.qa.walmart.Tests.ClothingTest.clickUrbanPlanetLinkTest(ClothingTest.java:46)
	at com.qa.walmart.Tests.ClothingTest.clickUrbanPlanetLinkTest(ClothingTest.java:46)
	at com.qa.walmart.Tests.ClothingTest.clickUrbanPlanetLinkTest(ClothingTest.java:46)
	at com.qa.walmart.Tests.ClothingTest.clickUrbanPlanetLinkTest(ClothingTest.java:46)
	at com.qa.walmart.Tests.ClothingTest.clickUrbanPlanetLinkTest(ClothingTest.java:46)
	at com.qa.walmart.Tests.ClothingTest.clickUrbanPlanetLinkTest(ClothingTest.java:46)
	at com.qa.walmart.Tests.ClothingTest.clickUrbanPlanetLinkTest(ClothingTest.java:46)
	at com.qa.walmart.Tests.ClothingTest.clickUrbanPlanetLinkTest(ClothingTest.java:46)
	at com.qa.walmart.Tests.ClothingTest.clickUrbanPlanetLinkTest(ClothingTest.java:46)
	at com.qa.walmart.Tests.ClothingTest.clickUrbanPlanetLinkTest(ClothingTest.java:46)
	at com.qa.walmart.Tests.ClothingTest.clickUrbanPlanetLinkTest(ClothingTest.java:46)
	at com.qa.walmart.Tests.ClothingTest.clickUrbanPlanetLinkTest(ClothingTest.java:46)
	at com.qa.walmart.Tests.ClothingTest.clickUrbanPlanetLinkTest(ClothingTest.java:46)
	at com.qa.walmart.Tests.ClothingTest.clickUrbanPlanetLinkTest(ClothingTest.java:46)
	at com.qa.walmart.Tests.ClothingTest.clickUrbanPlanetLinkTest(ClothingTest.java:46)
	at com.qa.walmart.Tests.ClothingTest.clickUrbanPlanetLinkTest(ClothingTest.java:46)
	at com.qa.walmart.Tests.ClothingTest.clickUrbanPlanetLinkTest(ClothingTest.java:46)
	at com.qa.walmart.Tests.ClothingTest.clickUrbanPlanetLinkTest(ClothingTest.java:46)
	at com.qa.walmart.Tests.ClothingTest.clickUrbanPlanetLinkTest(ClothingTest.java:46)
	at com.qa.walmart.Tests.ClothingTest.clickUrbanPlanetLinkTest(ClothingTest.java:46)
	at com.qa.walmart.Tests.ClothingTest.clickUrbanPlanetLinkTest(ClothingTest.java:46)
	at com.qa.walmart.Tests.ClothingTest.clickUrbanPlanetLinkTest(ClothingTest.java:46)
	at com.qa.walmart.Tests.ClothingTest.clickUrbanPlanetLinkTest(ClothingTest.java:46)
	at com.qa.walmart.Tests.ClothingTest.clickUrbanPlanetLinkTest(ClothingTest.java:46)
	at com.qa.walmart.Tests.ClothingTest.clickUrbanPlanetLinkTest(ClothingTest.java:46)
	at com.qa.walmart.Tests.ClothingTest.clickUrbanPlanetLinkTest(ClothingTest.java:46)
	at com.qa.walmart.Tests.ClothingTest.clickUrbanPlanetLinkTest(ClothingTest.java:46)
	at com.qa.walmart.Tests.ClothingTest.clickUrbanPlanetLinkTest(ClothingTest.java:46)
	at com.qa.walmart.Tests.ClothingTest.clickUrbanPlanetLinkTest(ClothingTest.java:46)
	at com.qa.walmart.Tests.ClothingTest.clickUrbanPlanetLinkTest(ClothingTest.java:46)
	at com.qa.walmart.Tests.ClothingTest.clickUrbanPlanetLinkTest(ClothingTest.java:46)
	at com.qa.walmart.Tests.ClothingTest.clickUrbanPlanetLinkTest(ClothingTest.java:46)
	at com.qa.walmart.Tests.ClothingTest.clickUrbanPlanetLinkTest(ClothingTest.java:46)
	at com.qa.walmart.Tests.ClothingTest.clickUrbanPlanetLinkTest(ClothingTest.java:46)
	at com.qa.walmart.Tests.ClothingTest.clickUrbanPlanetLinkTest(ClothingTest.java:46)
	at com.qa.walmart.Tests.ClothingTest.clickUrbanPlanetLinkTest(ClothingTest.java:46)
	at com.qa.walmart.Tests.ClothingTest.clickUrbanPlanetLinkTest(ClothingTest.java:46)
	at com.qa.walmart.Tests.ClothingTest.clickUrbanPlanetLinkTest(ClothingTest.java:46)
	at com.qa.walmart.Tests.ClothingTest.clickUrbanPlanetLinkTest(ClothingTest.java:46)
	at com.qa.walmart.Tests.ClothingTest.clickUrbanPlanetLinkTest(ClothingTest.java:46)
	at com.qa.walmart.Tests.ClothingTest.clickUrbanPlanetLinkTest(ClothingTest.java:46)
	at com.qa.walmart.Tests.ClothingTest.clickUrbanPlanetLinkTest(ClothingTest.java:46)
]]>
    </failure>
  </testcase> <!-- clickUrbanPlanetLinkTest -->
  <testcase name="verifyfaceBookLogoColorTest" time="5.466" classname="com.qa.walmart.Tests.ShopGroceriesTest"/>
  <testcase name="verifyFuntionalityOfAddingItemsToCartTest" time="10.684" classname="com.qa.walmart.Tests.ShopGroceriesTest"/>
  <testcase name="locationTest" time="12.732" classname="com.qa.walmart.Tests.ShopGroceriesTest"/>
  <testcase name="pageTitleTest" time="0.0" classname="com.qa.walmart.Tests.ClothingTest">
    <ignored/>
  </testcase> <!-- pageTitleTest -->
</testsuite> <!-- Test -->
