<?xml version="1.0" encoding="UTF-8"?>
<testng-results skipped="0" failed="1" ignored="2" total="12" passed="9">
  <reporter-output>
  </reporter-output>
  <suite name="Suite" duration-ms="291109" started-at="2020-06-25T10:52:11Z" finished-at="2020-06-25T10:57:02Z">
    <groups>
    </groups>
    <test name="Test" duration-ms="291109" started-at="2020-06-25T10:52:11Z" finished-at="2020-06-25T10:57:02Z">
      <class name="com.qa.walmart.Tests.LoginPageTest">
        <test-method status="PASS" signature="loggersetUp()[pri:0, instance:com.qa.walmart.Tests.LoginPageTest@35fc6dc4]" name="loggersetUp" is-config="true" duration-ms="16" started-at="2020-06-25T06:52:11Z" finished-at="2020-06-25T06:52:11Z">
          <reporter-output>
          </reporter-output>
        </test-method> <!-- loggersetUp -->
        <test-method status="PASS" signature="setup()[pri:0, instance:com.qa.walmart.Tests.LoginPageTest@35fc6dc4]" name="setup" is-config="true" duration-ms="10101" started-at="2020-06-25T06:52:11Z" finished-at="2020-06-25T06:52:21Z">
          <reporter-output>
          </reporter-output>
        </test-method> <!-- setup -->
        <test-method status="PASS" signature="checkLogoPresence()[pri:1, instance:com.qa.walmart.Tests.LoginPageTest@35fc6dc4]" name="checkLogoPresence" duration-ms="138" started-at="2020-06-25T06:52:21Z" finished-at="2020-06-25T06:52:21Z">
          <reporter-output>
          </reporter-output>
        </test-method> <!-- checkLogoPresence -->
        <test-method status="PASS" signature="tearDown()[pri:0, instance:com.qa.walmart.Tests.LoginPageTest@35fc6dc4]" name="tearDown" is-config="true" duration-ms="718" started-at="2020-06-25T06:52:21Z" finished-at="2020-06-25T06:52:22Z">
          <reporter-output>
          </reporter-output>
        </test-method> <!-- tearDown -->
        <test-method status="PASS" signature="setup()[pri:0, instance:com.qa.walmart.Tests.LoginPageTest@35fc6dc4]" name="setup" is-config="true" duration-ms="12223" started-at="2020-06-25T06:52:22Z" finished-at="2020-06-25T06:52:34Z">
          <reporter-output>
          </reporter-output>
        </test-method> <!-- setup -->
        <test-method status="PASS" signature="checkSearchFunctionality()[pri:2, instance:com.qa.walmart.Tests.LoginPageTest@35fc6dc4]" name="checkSearchFunctionality" duration-ms="1607" started-at="2020-06-25T06:52:34Z" finished-at="2020-06-25T06:52:36Z">
          <reporter-output>
          </reporter-output>
        </test-method> <!-- checkSearchFunctionality -->
        <test-method status="PASS" signature="tearDown()[pri:0, instance:com.qa.walmart.Tests.LoginPageTest@35fc6dc4]" name="tearDown" is-config="true" duration-ms="677" started-at="2020-06-25T06:52:36Z" finished-at="2020-06-25T06:52:36Z">
          <reporter-output>
          </reporter-output>
        </test-method> <!-- tearDown -->
        <test-method status="PASS" signature="setup()[pri:0, instance:com.qa.walmart.Tests.LoginPageTest@35fc6dc4]" name="setup" is-config="true" duration-ms="9083" started-at="2020-06-25T06:52:36Z" finished-at="2020-06-25T06:52:46Z">
          <reporter-output>
          </reporter-output>
        </test-method> <!-- setup -->
        <test-method status="PASS" signature="clickOnRightBannerArrow()[pri:3, instance:com.qa.walmart.Tests.LoginPageTest@35fc6dc4]" name="clickOnRightBannerArrow" duration-ms="449" started-at="2020-06-25T06:52:46Z" finished-at="2020-06-25T06:52:46Z">
          <reporter-output>
          </reporter-output>
        </test-method> <!-- clickOnRightBannerArrow -->
        <test-method status="PASS" signature="tearDown()[pri:0, instance:com.qa.walmart.Tests.LoginPageTest@35fc6dc4]" name="tearDown" is-config="true" duration-ms="632" started-at="2020-06-25T06:52:46Z" finished-at="2020-06-25T06:52:47Z">
          <reporter-output>
          </reporter-output>
        </test-method> <!-- tearDown -->
        <test-method status="PASS" signature="setup()[pri:0, instance:com.qa.walmart.Tests.LoginPageTest@35fc6dc4]" name="setup" is-config="true" duration-ms="10729" started-at="2020-06-25T06:52:47Z" finished-at="2020-06-25T06:52:57Z">
          <reporter-output>
          </reporter-output>
        </test-method> <!-- setup -->
        <test-method status="PASS" signature="clickHottestDealsTest()[pri:4, instance:com.qa.walmart.Tests.LoginPageTest@35fc6dc4]" name="clickHottestDealsTest" duration-ms="1960" started-at="2020-06-25T06:52:57Z" finished-at="2020-06-25T06:52:59Z">
          <reporter-output>
          </reporter-output>
        </test-method> <!-- clickHottestDealsTest -->
        <test-method status="PASS" signature="tearDown()[pri:0, instance:com.qa.walmart.Tests.LoginPageTest@35fc6dc4]" name="tearDown" is-config="true" duration-ms="747" started-at="2020-06-25T06:52:59Z" finished-at="2020-06-25T06:53:00Z">
          <reporter-output>
          </reporter-output>
        </test-method> <!-- tearDown -->
        <test-method status="PASS" signature="setup()[pri:0, instance:com.qa.walmart.Tests.LoginPageTest@35fc6dc4]" name="setup" is-config="true" duration-ms="8771" started-at="2020-06-25T06:53:00Z" finished-at="2020-06-25T06:53:09Z">
          <reporter-output>
          </reporter-output>
        </test-method> <!-- setup -->
        <test-method status="PASS" signature="checkAboutUsWalmartTest()[pri:5, instance:com.qa.walmart.Tests.LoginPageTest@35fc6dc4]" name="checkAboutUsWalmartTest" duration-ms="2418" started-at="2020-06-25T06:53:09Z" finished-at="2020-06-25T06:53:11Z">
          <reporter-output>
          </reporter-output>
        </test-method> <!-- checkAboutUsWalmartTest -->
        <test-method status="PASS" signature="tearDown()[pri:0, instance:com.qa.walmart.Tests.LoginPageTest@35fc6dc4]" name="tearDown" is-config="true" duration-ms="653" started-at="2020-06-25T06:53:11Z" finished-at="2020-06-25T06:53:12Z">
          <reporter-output>
          </reporter-output>
        </test-method> <!-- tearDown -->
        <test-method status="PASS" signature="setup()[pri:0, instance:com.qa.walmart.Tests.LoginPageTest@35fc6dc4]" name="setup" is-config="true" duration-ms="20881" started-at="2020-06-25T06:53:12Z" finished-at="2020-06-25T06:53:33Z">
          <reporter-output>
          </reporter-output>
        </test-method> <!-- setup -->
        <test-method status="PASS" signature="checkCovidInformationTest()[pri:6, instance:com.qa.walmart.Tests.LoginPageTest@35fc6dc4]" name="checkCovidInformationTest" duration-ms="29740" started-at="2020-06-25T06:53:33Z" finished-at="2020-06-25T06:54:03Z">
          <reporter-output>
          </reporter-output>
        </test-method> <!-- checkCovidInformationTest -->
        <test-method status="PASS" signature="tearDown()[pri:0, instance:com.qa.walmart.Tests.LoginPageTest@35fc6dc4]" name="tearDown" is-config="true" duration-ms="887" started-at="2020-06-25T06:54:03Z" finished-at="2020-06-25T06:54:03Z">
          <reporter-output>
          </reporter-output>
        </test-method> <!-- tearDown -->
        <test-method status="PASS" signature="setup()[pri:0, instance:com.qa.walmart.Tests.LoginPageTest@35fc6dc4]" name="setup" is-config="true" duration-ms="9839" started-at="2020-06-25T06:54:03Z" finished-at="2020-06-25T06:54:13Z">
          <reporter-output>
          </reporter-output>
        </test-method> <!-- setup -->
        <test-method status="PASS" signature="clickVideoGameTest()[pri:7, instance:com.qa.walmart.Tests.LoginPageTest@35fc6dc4]" name="clickVideoGameTest" duration-ms="2006" started-at="2020-06-25T06:54:13Z" finished-at="2020-06-25T06:54:15Z">
          <reporter-output>
          </reporter-output>
        </test-method> <!-- clickVideoGameTest -->
        <test-method status="PASS" signature="tearDown()[pri:0, instance:com.qa.walmart.Tests.LoginPageTest@35fc6dc4]" name="tearDown" is-config="true" duration-ms="719" started-at="2020-06-25T06:54:15Z" finished-at="2020-06-25T06:54:16Z">
          <reporter-output>
          </reporter-output>
        </test-method> <!-- tearDown -->
        <test-method status="PASS" signature="setup()[pri:0, instance:com.qa.walmart.Tests.LoginPageTest@35fc6dc4]" name="setup" is-config="true" duration-ms="19745" started-at="2020-06-25T06:54:16Z" finished-at="2020-06-25T06:54:36Z">
          <reporter-output>
          </reporter-output>
        </test-method> <!-- setup -->
        <test-method status="FAIL" signature="clickLeftBottomBannerTest()[pri:8, instance:com.qa.walmart.Tests.LoginPageTest@35fc6dc4]" name="clickLeftBottomBannerTest" duration-ms="94381" started-at="2020-06-25T06:54:36Z" finished-at="2020-06-25T06:56:10Z">
          <exception class="org.openqa.selenium.TimeoutException">
            <message>
              <![CDATA[Expected condition failed: waiting for visibility of [[ChromeDriver: chrome on WINDOWS (0f6f5c11e378acce93237ee2ae71219b)] -> xpath: //img[@alt='Walmart Rewards MasterCard.']] (tried for 60 second(s) with 500 MILLISECONDS interval)
Build info: version: '3.6.0', revision: '6fbf3ec767', time: '2017-09-27T15:28:36.4Z'
System info: host: 'LAPTOP-JVNL5G83', ip: '192.168.56.1', os.name: 'Windows 10', os.arch: 'amd64', os.version: '10.0', java.version: '1.8.0_151'
Driver info: org.openqa.selenium.support.events.EventFiringWebDriver
Capabilities [{networkConnectionEnabled=false, chrome={chromedriverVersion=83.0.4103.39 (ccbf011cb2d2b19b506d844400483861342c20cd-refs/branch-heads/4103@{#416}), userDataDir=C:\WINDOWS\TEMP\scoped_dir15656_1680973716}, timeouts={implicit=0, pageLoad=300000, script=30000}, pageLoadStrategy=normal, unhandledPromptBehavior=dismiss and notify, strictFileInteractability=false, platform=WINDOWS, proxy=Proxy(), goog:chromeOptions={debuggerAddress=localhost:64227}, acceptInsecureCerts=false, browserVersion=83.0.4103.116, browserName=chrome, javascriptEnabled=true, platformName=WINDOWS, setWindowRect=true, webauthn:virtualAuthenticators=true}]
Session ID: 0f6f5c11e378acce93237ee2ae71219b]]>
            </message>
            <full-stacktrace>
              <![CDATA[org.openqa.selenium.TimeoutException: Expected condition failed: waiting for visibility of [[ChromeDriver: chrome on WINDOWS (0f6f5c11e378acce93237ee2ae71219b)] -> xpath: //img[@alt='Walmart Rewards MasterCard.']] (tried for 60 second(s) with 500 MILLISECONDS interval)
Build info: version: '3.6.0', revision: '6fbf3ec767', time: '2017-09-27T15:28:36.4Z'
System info: host: 'LAPTOP-JVNL5G83', ip: '192.168.56.1', os.name: 'Windows 10', os.arch: 'amd64', os.version: '10.0', java.version: '1.8.0_151'
Driver info: org.openqa.selenium.support.events.EventFiringWebDriver
Capabilities [{networkConnectionEnabled=false, chrome={chromedriverVersion=83.0.4103.39 (ccbf011cb2d2b19b506d844400483861342c20cd-refs/branch-heads/4103@{#416}), userDataDir=C:\WINDOWS\TEMP\scoped_dir15656_1680973716}, timeouts={implicit=0, pageLoad=300000, script=30000}, pageLoadStrategy=normal, unhandledPromptBehavior=dismiss and notify, strictFileInteractability=false, platform=WINDOWS, proxy=Proxy(), goog:chromeOptions={debuggerAddress=localhost:64227}, acceptInsecureCerts=false, browserVersion=83.0.4103.116, browserName=chrome, javascriptEnabled=true, platformName=WINDOWS, setWindowRect=true, webauthn:virtualAuthenticators=true}]
Session ID: 0f6f5c11e378acce93237ee2ae71219b
	at org.openqa.selenium.support.ui.WebDriverWait.timeoutException(WebDriverWait.java:82)
	at org.openqa.selenium.support.ui.FluentWait.until(FluentWait.java:231)
	at com.walmart.qa.webPages.LoginPage.clickLeftBottomBanner(LoginPage.java:197)
	at com.qa.walmart.Tests.LoginPageTest.clickLeftBottomBannerTest(LoginPageTest.java:97)
	at sun.reflect.NativeMethodAccessorImpl.invoke0(Native Method)
	at sun.reflect.NativeMethodAccessorImpl.invoke(NativeMethodAccessorImpl.java:62)
	at sun.reflect.DelegatingMethodAccessorImpl.invoke(DelegatingMethodAccessorImpl.java:43)
	at java.lang.reflect.Method.invoke(Method.java:498)
	at org.testng.internal.MethodInvocationHelper.invokeMethod(MethodInvocationHelper.java:108)
	at org.testng.internal.Invoker.invokeMethod(Invoker.java:661)
	at org.testng.internal.Invoker.invokeTestMethod(Invoker.java:869)
	at org.testng.internal.Invoker.invokeTestMethods(Invoker.java:1193)
	at org.testng.internal.TestMethodWorker.invokeTestMethods(TestMethodWorker.java:126)
	at org.testng.internal.TestMethodWorker.run(TestMethodWorker.java:109)
	at org.testng.TestRunner.privateRun(TestRunner.java:744)
	at org.testng.TestRunner.run(TestRunner.java:602)
	at org.testng.SuiteRunner.runTest(SuiteRunner.java:380)
	at org.testng.SuiteRunner.runSequentially(SuiteRunner.java:375)
	at org.testng.SuiteRunner.privateRun(SuiteRunner.java:340)
	at org.testng.SuiteRunner.run(SuiteRunner.java:289)
	at org.testng.SuiteRunnerWorker.runSuite(SuiteRunnerWorker.java:52)
	at org.testng.SuiteRunnerWorker.run(SuiteRunnerWorker.java:86)
	at org.testng.TestNG.runSuitesSequentially(TestNG.java:1301)
	at org.testng.TestNG.runSuitesLocally(TestNG.java:1226)
	at org.testng.TestNG.runSuites(TestNG.java:1144)
	at org.testng.TestNG.run(TestNG.java:1115)
	at org.apache.maven.surefire.testng.TestNGExecutor.run(TestNGExecutor.java:284)
	at org.apache.maven.surefire.testng.TestNGXmlTestSuite.execute(TestNGXmlTestSuite.java:75)
	at org.apache.maven.surefire.testng.TestNGProvider.invoke(TestNGProvider.java:119)
	at org.apache.maven.surefire.booter.ForkedBooter.runSuitesInProcess(ForkedBooter.java:428)
	at org.apache.maven.surefire.booter.ForkedBooter.execute(ForkedBooter.java:162)
	at org.apache.maven.surefire.booter.ForkedBooter.run(ForkedBooter.java:562)
	at org.apache.maven.surefire.booter.ForkedBooter.main(ForkedBooter.java:548)
]]>
            </full-stacktrace>
          </exception> <!-- org.openqa.selenium.TimeoutException -->
          <reporter-output>
          </reporter-output>
        </test-method> <!-- clickLeftBottomBannerTest -->
        <test-method status="PASS" signature="tearDown()[pri:0, instance:com.qa.walmart.Tests.LoginPageTest@35fc6dc4]" name="tearDown" is-config="true" duration-ms="751" started-at="2020-06-25T06:56:19Z" finished-at="2020-06-25T06:56:20Z">
          <reporter-output>
          </reporter-output>
        </test-method> <!-- tearDown -->
        <test-method status="PASS" signature="setup()[pri:0, instance:com.qa.walmart.Tests.LoginPageTest@35fc6dc4]" name="setup" is-config="true" duration-ms="21384" started-at="2020-06-25T06:56:20Z" finished-at="2020-06-25T06:56:42Z">
          <reporter-output>
          </reporter-output>
        </test-method> <!-- setup -->
        <test-method status="PASS" signature="clickbannerWalmartMarketPlaceTest()[pri:9, instance:com.qa.walmart.Tests.LoginPageTest@35fc6dc4]" name="clickbannerWalmartMarketPlaceTest" duration-ms="2368" started-at="2020-06-25T06:56:42Z" finished-at="2020-06-25T06:56:44Z">
          <reporter-output>
          </reporter-output>
        </test-method> <!-- clickbannerWalmartMarketPlaceTest -->
        <test-method status="PASS" signature="tearDown()[pri:0, instance:com.qa.walmart.Tests.LoginPageTest@35fc6dc4]" name="tearDown" is-config="true" duration-ms="646" started-at="2020-06-25T06:56:44Z" finished-at="2020-06-25T06:56:45Z">
          <reporter-output>
          </reporter-output>
        </test-method> <!-- tearDown -->
        <test-method status="PASS" signature="setup()[pri:0, instance:com.qa.walmart.Tests.LoginPageTest@35fc6dc4]" name="setup" is-config="true" duration-ms="10064" started-at="2020-06-25T06:56:45Z" finished-at="2020-06-25T06:56:55Z">
          <reporter-output>
          </reporter-output>
        </test-method> <!-- setup -->
        <test-method status="PASS" signature="clickOnInstagramSocialLinkTest()[pri:10, instance:com.qa.walmart.Tests.LoginPageTest@35fc6dc4]" name="clickOnInstagramSocialLinkTest" duration-ms="6631" started-at="2020-06-25T06:56:55Z" finished-at="2020-06-25T06:57:01Z">
          <reporter-output>
          </reporter-output>
        </test-method> <!-- clickOnInstagramSocialLinkTest -->
        <test-method status="PASS" signature="tearDown()[pri:0, instance:com.qa.walmart.Tests.LoginPageTest@35fc6dc4]" name="tearDown" is-config="true" duration-ms="662" started-at="2020-06-25T06:57:01Z" finished-at="2020-06-25T06:57:02Z">
          <reporter-output>
          </reporter-output>
        </test-method> <!-- tearDown -->
      </class> <!-- com.qa.walmart.Tests.LoginPageTest -->
    </test> <!-- Test -->
  </suite> <!-- Suite -->
</testng-results>
